[2020-04-19 11:32:10 *52925.0]	ERROR	php_swoole_server_rshutdown (ERRNO 503): Fatal error: Uncaught TypeError: Return value of App\WebSocket\WebSocketParser::decode() must be an instance of EasySwoole\Socket\Bean\Caller or null, none returned in /Users/samsun/Desktop/project/easy_swoole_test/App/WebSocket/WebSocketParser.php:27
Stack trace:
#0 /Users/samsun/Desktop/project/easy_swoole_test/vendor/easyswoole/socket/src/Dispatcher.php(63): App\WebSocket\WebSocketParser->decode('PING', Object(EasySwoole\Socket\Client\WebSocket))
#1 /Users/samsun/Desktop/project/easy_swoole_test/EasySwooleEvent.php(37): EasySwoole\Socket\Dispatcher->dispatch(Object(Swoole\WebSocket\Server), 'PING', Object(Swoole\WebSocket\Frame))
#2 [internal function]: EasySwoole\EasySwoole\EasySwooleEvent::EasySwoole\EasySwoole\{closure}(Object(Swoole\WebSocket\Server), Object(Swoole\WebSocket\Frame))
#3 /Users/samsun/Desktop/project/easy_swoole_test/vendor/easyswoole/easyswoole/src/ServerManager.php(111): call_user_func(Object(Closure), Object(Swoole\WebSocket\Server), Object(Swoole\WebSocket\Frame))
#4 {main}
  thrown in /Users/samsun/Desktop/project/easy_swoole_test/App/WebSocket/WebSocketParser.php on line 27
[2020-04-19 11:32:10 $52924.0]	WARNING	swManager_check_exit_status: worker#0[pid=52925] abnormal exit, status=255, signal=0
[2020-04-19 11:32:42 *52939.0]	ERROR	php_swoole_server_rshutdown (ERRNO 503): Fatal error: Uncaught TypeError: Argument 1 passed to EasySwoole\Socket\Dispatcher::getController() must be of the type string, null given, called in /Users/samsun/Desktop/project/easy_swoole_test/vendor/easyswoole/socket/src/Dispatcher.php on line 75 and defined in /Users/samsun/Desktop/project/easy_swoole_test/vendor/easyswoole/socket/src/Dispatcher.php:156
Stack trace:
#0 /Users/samsun/Desktop/project/easy_swoole_test/vendor/easyswoole/socket/src/Dispatcher.php(75): EasySwoole\Socket\Dispatcher->getController(NULL)
#1 /Users/samsun/Desktop/project/easy_swoole_test/EasySwooleEvent.php(37): EasySwoole\Socket\Dispatcher->dispatch(Object(Swoole\WebSocket\Server), 'PING', Object(Swoole\WebSocket\Frame))
#2 [internal function]: EasySwoole\EasySwoole\EasySwooleEvent::EasySwoole\EasySwoole\{closure}(Object(Swoole\WebSocket\Server), Object(Swoole\WebSocket\Frame))
#3 /Users/samsun/Desktop/project/easy_swoole_test/vendor/easyswoole/easyswoole/src/ServerManager.php(111): call_user_func(Object(Closure), Object(Swoole\WebSocket\Ser in /Users/samsun/Desktop/project/easy_swoole_test/vendor/easyswoole/socket/src/Dispatcher.php on line 156
[2020-04-19 11:32:42 $52938.0]	WARNING	swManager_check_exit_status: worker#0[pid=52939] abnormal exit, status=255, signal=0
[2020-04-19 12:13:38 *53060.0]	ERROR	php_swoole_server_rshutdown (ERRNO 503): Fatal error: Uncaught TypeError: Argument 1 passed to EasySwoole\Socket\Dispatcher::getController() must be of the type string, null given, called in /Users/samsun/Desktop/project/easy_swoole_test/vendor/easyswoole/socket/src/Dispatcher.php on line 75 and defined in /Users/samsun/Desktop/project/easy_swoole_test/vendor/easyswoole/socket/src/Dispatcher.php:156
Stack trace:
#0 /Users/samsun/Desktop/project/easy_swoole_test/vendor/easyswoole/socket/src/Dispatcher.php(75): EasySwoole\Socket\Dispatcher->getController(NULL)
#1 /Users/samsun/Desktop/project/easy_swoole_test/EasySwooleEvent.php(37): EasySwoole\Socket\Dispatcher->dispatch(Object(Swoole\WebSocket\Server), 'PING', Object(Swoole\WebSocket\Frame))
#2 [internal function]: EasySwoole\EasySwoole\EasySwooleEvent::EasySwoole\EasySwoole\{closure}(Object(Swoole\WebSocket\Server), Object(Swoole\WebSocket\Frame))
#3 /Users/samsun/Desktop/project/easy_swoole_test/vendor/easyswoole/easyswoole/src/ServerManager.php(111): call_user_func(Object(Closure), Object(Swoole\WebSocket\Ser in /Users/samsun/Desktop/project/easy_swoole_test/vendor/easyswoole/socket/src/Dispatcher.php on line 156
[2020-04-19 12:13:38 $53059.0]	WARNING	swManager_check_exit_status: worker#0[pid=53060] abnormal exit, status=255, signal=0
[2020-04-19 12:16:08 *53075.0]	ERROR	php_swoole_server_rshutdown (ERRNO 503): Fatal error: Uncaught TypeError: Argument 1 passed to EasySwoole\Socket\Dispatcher::getController() must be of the type string, null given, called in /Users/samsun/Desktop/project/easy_swoole_test/vendor/easyswoole/socket/src/Dispatcher.php on line 75 and defined in /Users/samsun/Desktop/project/easy_swoole_test/vendor/easyswoole/socket/src/Dispatcher.php:156
Stack trace:
#0 /Users/samsun/Desktop/project/easy_swoole_test/vendor/easyswoole/socket/src/Dispatcher.php(75): EasySwoole\Socket\Dispatcher->getController(NULL)
#1 /Users/samsun/Desktop/project/easy_swoole_test/EasySwooleEvent.php(38): EasySwoole\Socket\Dispatcher->dispatch(Object(Swoole\WebSocket\Server), 'PING', Object(Swoole\WebSocket\Frame))
#2 [internal function]: EasySwoole\EasySwoole\EasySwooleEvent::EasySwoole\EasySwoole\{closure}(Object(Swoole\WebSocket\Server), Object(Swoole\WebSocket\Frame))
#3 /Users/samsun/Desktop/project/easy_swoole_test/vendor/easyswoole/easyswoole/src/ServerManager.php(111): call_user_func(Object(Closure), Object(Swoole\WebSocket\Ser in /Users/samsun/Desktop/project/easy_swoole_test/vendor/easyswoole/socket/src/Dispatcher.php on line 156
[2020-04-19 12:16:08 $53074.0]	WARNING	swManager_check_exit_status: worker#0[pid=53075] abnormal exit, status=255, signal=0
[2020-04-29 20:47:01 *57259.0]	ERROR	php_swoole_server_rshutdown (ERRNO 503): Fatal error: Uncaught Error: Call to undefined function EasySwoole\Redis\Redis() in /Users/samsun/Desktop/project/easy_swoole_test/App/Utils/Redis.php:18
Stack trace:
#0 /Users/samsun/Desktop/project/easy_swoole_test/App/WebSocket/WebSocketEvent.php(22): App\Utils\Redis::init()
#1 [internal function]: App\WebSocket\WebSocketEvent::onOpen(Object(Swoole\WebSocket\Server), Object(Swoole\Http\Request))
#2 /Users/samsun/Desktop/project/easy_swoole_test/vendor/easyswoole/easyswoole/src/ServerManager.php(111): call_user_func(Array, Object(Swoole\WebSocket\Server), Object(Swoole\Http\Request))
#3 {main}
  thrown in /Users/samsun/Desktop/project/easy_swoole_test/App/Utils/Redis.php on line 18
[2020-04-29 20:47:01 $57258.0]	WARNING	swManager_check_exit_status: worker#0[pid=57259] abnormal exit, status=255, signal=0
[2020-04-29 20:47:06 *57383.0]	ERROR	php_swoole_server_rshutdown (ERRNO 503): Fatal error: Uncaught TypeError: Argument 1 passed to EasySwoole\Socket\Dispatcher::getController() must be of the type string, null given, called in /Users/samsun/Desktop/project/easy_swoole_test/vendor/easyswoole/socket/src/Dispatcher.php on line 75 and defined in /Users/samsun/Desktop/project/easy_swoole_test/vendor/easyswoole/socket/src/Dispatcher.php:156
Stack trace:
#0 /Users/samsun/Desktop/project/easy_swoole_test/vendor/easyswoole/socket/src/Dispatcher.php(75): EasySwoole\Socket\Dispatcher->getController(NULL)
#1 /Users/samsun/Desktop/project/easy_swoole_test/EasySwooleEvent.php(41): EasySwoole\Socket\Dispatcher->dispatch(Object(Swoole\WebSocket\Server), 'PING', Object(Swoole\WebSocket\Frame))
#2 [internal function]: EasySwoole\EasySwoole\EasySwooleEvent::EasySwoole\EasySwoole\{closure}(Object(Swoole\WebSocket\Server), Object(Swoole\WebSocket\Frame))
#3 /Users/samsun/Desktop/project/easy_swoole_test/vendor/easyswoole/easyswoole/src/ServerManager.php(111): call_user_func(Object(Closure), Object(Swoole\WebSocket\Ser in /Users/samsun/Desktop/project/easy_swoole_test/vendor/easyswoole/socket/src/Dispatcher.php on line 156
[2020-04-29 20:47:06 $57258.0]	WARNING	swManager_check_exit_status: worker#0[pid=57383] abnormal exit, status=255, signal=0
[2020-04-29 20:50:45 *57428.0]	ERROR	php_swoole_server_rshutdown (ERRNO 503): Fatal error: Uncaught EasySwoole\Redis\Exception\RedisException: ERR Client sent AUTH, but no password is set in /Users/samsun/Desktop/project/easy_swoole_test/vendor/easyswoole/redis/src/Redis.php:2888
Stack trace:
#0 /Users/samsun/Desktop/project/easy_swoole_test/vendor/easyswoole/redis/src/Redis.php(261): EasySwoole\Redis\Redis->recv()
#1 /Users/samsun/Desktop/project/easy_swoole_test/vendor/easyswoole/redis/src/Redis.php(220): EasySwoole\Redis\Redis->auth('easyswoole')
#2 /Users/samsun/Desktop/project/easy_swoole_test/vendor/easyswoole/redis/src/Redis.php(2859): EasySwoole\Redis\Redis->connect()
#3 /Users/samsun/Desktop/project/easy_swoole_test/vendor/easyswoole/redis/src/Redis.php(564): EasySwoole\Redis\Redis->sendCommand(Array)
#4 /Users/samsun/Desktop/project/easy_swoole_test/App/WebSocket/WebSocketEvent.php(28): EasySwoole\Redis\Redis->set('name', '\xE4\xBB\x99\xE5\xA3\xAB\xE5\x8F\xAF')
#5 {main}
  thrown in /Users/samsun/Desktop/project/easy_swoole_test/vendor/easyswoole/redis/src/Redis.php on line 2888
[2020-04-29 20:50:45 $57427.0]	WARNING	swManager_check_exit_status: worker#0[pid=57428] abnormal exit, status=255, signal=0
[2020-04-29 20:58:26 *57473.0]	ERROR	php_swoole_server_rshutdown (ERRNO 503): Fatal error: Uncaught EasySwoole\Redis\Exception\RedisException: ERR Client sent AUTH, but no password is set in /Users/samsun/Desktop/project/easy_swoole_test/vendor/easyswoole/redis/src/Redis.php:2888
Stack trace:
#0 /Users/samsun/Desktop/project/easy_swoole_test/vendor/easyswoole/redis/src/Redis.php(261): EasySwoole\Redis\Redis->recv()
#1 /Users/samsun/Desktop/project/easy_swoole_test/vendor/easyswoole/redis/src/Redis.php(220): EasySwoole\Redis\Redis->auth('easyswoole')
#2 /Users/samsun/Desktop/project/easy_swoole_test/vendor/easyswoole/redis/src/Redis.php(2859): EasySwoole\Redis\Redis->connect()
#3 /Users/samsun/Desktop/project/easy_swoole_test/vendor/easyswoole/redis/src/Redis.php(564): EasySwoole\Redis\Redis->sendCommand(Array)
#4 /Users/samsun/Desktop/project/easy_swoole_test/App/WebSocket/WebSocketEvent.php(28): EasySwoole\Redis\Redis->set('name', '\xE4\xBB\x99\xE5\xA3\xAB\xE5\x8F\xAF')
#5 {main}
  thrown in /Users/samsun/Desktop/project/easy_swoole_test/vendor/easyswoole/redis/src/Redis.php on line 2888
[2020-04-29 20:58:26 $57472.0]	WARNING	swManager_check_exit_status: worker#0[pid=57473] abnormal exit, status=255, signal=0
[2020-04-29 21:00:10 *57535.0]	ERROR	php_swoole_server_rshutdown (ERRNO 503): Fatal error: Uncaught EasySwoole\Redis\Exception\RedisException: ERR Client sent AUTH, but no password is set in /Users/samsun/Desktop/project/easy_swoole_test/vendor/easyswoole/redis/src/Redis.php:2888
Stack trace:
#0 /Users/samsun/Desktop/project/easy_swoole_test/vendor/easyswoole/redis/src/Redis.php(261): EasySwoole\Redis\Redis->recv()
#1 /Users/samsun/Desktop/project/easy_swoole_test/vendor/easyswoole/redis/src/Redis.php(220): EasySwoole\Redis\Redis->auth('easyswoole')
#2 /Users/samsun/Desktop/project/easy_swoole_test/vendor/easyswoole/redis/src/Redis.php(2859): EasySwoole\Redis\Redis->connect()
#3 /Users/samsun/Desktop/project/easy_swoole_test/vendor/easyswoole/redis/src/Redis.php(564): EasySwoole\Redis\Redis->sendCommand(Array)
#4 /Users/samsun/Desktop/project/easy_swoole_test/App/WebSocket/WebSocketEvent.php(28): EasySwoole\Redis\Redis->set('name', '\xE4\xBB\x99\xE5\xA3\xAB\xE5\x8F\xAF')
#5 {main}
  thrown in /Users/samsun/Desktop/project/easy_swoole_test/vendor/easyswoole/redis/src/Redis.php on line 2888
[2020-04-29 21:00:10 $57534.0]	WARNING	swManager_check_exit_status: worker#0[pid=57535] abnormal exit, status=255, signal=0
[2020-04-29 21:12:42 *57554.0]	ERROR	php_swoole_server_rshutdown (ERRNO 503): Fatal error: Uncaught TypeError: Argument 1 passed to EasySwoole\Socket\Dispatcher::getController() must be of the type string, null given, called in /Users/samsun/Desktop/project/easy_swoole_test/vendor/easyswoole/socket/src/Dispatcher.php on line 75 and defined in /Users/samsun/Desktop/project/easy_swoole_test/vendor/easyswoole/socket/src/Dispatcher.php:156
Stack trace:
#0 /Users/samsun/Desktop/project/easy_swoole_test/vendor/easyswoole/socket/src/Dispatcher.php(75): EasySwoole\Socket\Dispatcher->getController(NULL)
#1 /Users/samsun/Desktop/project/easy_swoole_test/EasySwooleEvent.php(41): EasySwoole\Socket\Dispatcher->dispatch(Object(Swoole\WebSocket\Server), 'PING', Object(Swoole\WebSocket\Frame))
#2 [internal function]: EasySwoole\EasySwoole\EasySwooleEvent::EasySwoole\EasySwoole\{closure}(Object(Swoole\WebSocket\Server), Object(Swoole\WebSocket\Frame))
#3 /Users/samsun/Desktop/project/easy_swoole_test/vendor/easyswoole/easyswoole/src/ServerManager.php(111): call_user_func(Object(Closure), Object(Swoole\WebSocket\Ser in /Users/samsun/Desktop/project/easy_swoole_test/vendor/easyswoole/socket/src/Dispatcher.php on line 156
[2020-04-29 21:12:42 $57553.0]	WARNING	swManager_check_exit_status: worker#0[pid=57554] abnormal exit, status=255, signal=0
[2020-04-29 21:42:20 *57590.0]	ERROR	php_swoole_server_rshutdown (ERRNO 503): Fatal error: Uncaught TypeError: Argument 1 passed to EasySwoole\Socket\Dispatcher::getController() must be of the type string, null given, called in /Users/samsun/Desktop/project/easy_swoole_test/vendor/easyswoole/socket/src/Dispatcher.php on line 75 and defined in /Users/samsun/Desktop/project/easy_swoole_test/vendor/easyswoole/socket/src/Dispatcher.php:156
Stack trace:
#0 /Users/samsun/Desktop/project/easy_swoole_test/vendor/easyswoole/socket/src/Dispatcher.php(75): EasySwoole\Socket\Dispatcher->getController(NULL)
#1 /Users/samsun/Desktop/project/easy_swoole_test/EasySwooleEvent.php(41): EasySwoole\Socket\Dispatcher->dispatch(Object(Swoole\WebSocket\Server), 'PING', Object(Swoole\WebSocket\Frame))
#2 [internal function]: EasySwoole\EasySwoole\EasySwooleEvent::EasySwoole\EasySwoole\{closure}(Object(Swoole\WebSocket\Server), Object(Swoole\WebSocket\Frame))
#3 /Users/samsun/Desktop/project/easy_swoole_test/vendor/easyswoole/easyswoole/src/ServerManager.php(111): call_user_func(Object(Closure), Object(Swoole\WebSocket\Ser in /Users/samsun/Desktop/project/easy_swoole_test/vendor/easyswoole/socket/src/Dispatcher.php on line 156
[2020-04-29 21:42:20 $57589.0]	WARNING	swManager_check_exit_status: worker#0[pid=57590] abnormal exit, status=255, signal=0
[2020-04-29 21:43:15 *59483.0]	ERROR	php_swoole_server_rshutdown (ERRNO 503): Fatal error: Uncaught TypeError: Argument 1 passed to EasySwoole\Socket\Dispatcher::getController() must be of the type string, null given, called in /Users/samsun/Desktop/project/easy_swoole_test/vendor/easyswoole/socket/src/Dispatcher.php on line 75 and defined in /Users/samsun/Desktop/project/easy_swoole_test/vendor/easyswoole/socket/src/Dispatcher.php:156
Stack trace:
#0 /Users/samsun/Desktop/project/easy_swoole_test/vendor/easyswoole/socket/src/Dispatcher.php(75): EasySwoole\Socket\Dispatcher->getController(NULL)
#1 /Users/samsun/Desktop/project/easy_swoole_test/EasySwooleEvent.php(41): EasySwoole\Socket\Dispatcher->dispatch(Object(Swoole\WebSocket\Server), 'PING', Object(Swoole\WebSocket\Frame))
#2 [internal function]: EasySwoole\EasySwoole\EasySwooleEvent::EasySwoole\EasySwoole\{closure}(Object(Swoole\WebSocket\Server), Object(Swoole\WebSocket\Frame))
#3 /Users/samsun/Desktop/project/easy_swoole_test/vendor/easyswoole/easyswoole/src/ServerManager.php(111): call_user_func(Object(Closure), Object(Swoole\WebSocket\Ser in /Users/samsun/Desktop/project/easy_swoole_test/vendor/easyswoole/socket/src/Dispatcher.php on line 156
[2020-04-29 21:43:15 $57589.0]	WARNING	swManager_check_exit_status: worker#0[pid=59483] abnormal exit, status=255, signal=0
[2020-04-29 21:43:45 *59485.0]	ERROR	php_swoole_server_rshutdown (ERRNO 503): Fatal error: Uncaught TypeError: Argument 1 passed to EasySwoole\Socket\Dispatcher::getController() must be of the type string, null given, called in /Users/samsun/Desktop/project/easy_swoole_test/vendor/easyswoole/socket/src/Dispatcher.php on line 75 and defined in /Users/samsun/Desktop/project/easy_swoole_test/vendor/easyswoole/socket/src/Dispatcher.php:156
Stack trace:
#0 /Users/samsun/Desktop/project/easy_swoole_test/vendor/easyswoole/socket/src/Dispatcher.php(75): EasySwoole\Socket\Dispatcher->getController(NULL)
#1 /Users/samsun/Desktop/project/easy_swoole_test/EasySwooleEvent.php(41): EasySwoole\Socket\Dispatcher->dispatch(Object(Swoole\WebSocket\Server), 'PING', Object(Swoole\WebSocket\Frame))
#2 [internal function]: EasySwoole\EasySwoole\EasySwooleEvent::EasySwoole\EasySwoole\{closure}(Object(Swoole\WebSocket\Server), Object(Swoole\WebSocket\Frame))
#3 /Users/samsun/Desktop/project/easy_swoole_test/vendor/easyswoole/easyswoole/src/ServerManager.php(111): call_user_func(Object(Closure), Object(Swoole\WebSocket\Ser in /Users/samsun/Desktop/project/easy_swoole_test/vendor/easyswoole/socket/src/Dispatcher.php on line 156
[2020-04-29 21:43:45 $57589.0]	WARNING	swManager_check_exit_status: worker#0[pid=59485] abnormal exit, status=255, signal=0
[2020-04-29 21:44:49 *59486.0]	ERROR	php_swoole_server_rshutdown (ERRNO 503): Fatal error: Uncaught TypeError: Argument 1 passed to EasySwoole\Socket\Dispatcher::getController() must be of the type string, null given, called in /Users/samsun/Desktop/project/easy_swoole_test/vendor/easyswoole/socket/src/Dispatcher.php on line 75 and defined in /Users/samsun/Desktop/project/easy_swoole_test/vendor/easyswoole/socket/src/Dispatcher.php:156
Stack trace:
#0 /Users/samsun/Desktop/project/easy_swoole_test/vendor/easyswoole/socket/src/Dispatcher.php(75): EasySwoole\Socket\Dispatcher->getController(NULL)
#1 /Users/samsun/Desktop/project/easy_swoole_test/EasySwooleEvent.php(41): EasySwoole\Socket\Dispatcher->dispatch(Object(Swoole\WebSocket\Server), 'PING', Object(Swoole\WebSocket\Frame))
#2 [internal function]: EasySwoole\EasySwoole\EasySwooleEvent::EasySwoole\EasySwoole\{closure}(Object(Swoole\WebSocket\Server), Object(Swoole\WebSocket\Frame))
#3 /Users/samsun/Desktop/project/easy_swoole_test/vendor/easyswoole/easyswoole/src/ServerManager.php(111): call_user_func(Object(Closure), Object(Swoole\WebSocket\Ser in /Users/samsun/Desktop/project/easy_swoole_test/vendor/easyswoole/socket/src/Dispatcher.php on line 156
[2020-04-29 21:44:49 $57589.0]	WARNING	swManager_check_exit_status: worker#0[pid=59486] abnormal exit, status=255, signal=0
[2020-04-29 21:45:16 *59510.0]	ERROR	php_swoole_server_rshutdown (ERRNO 503): Fatal error: Uncaught TypeError: Argument 1 passed to EasySwoole\Socket\Dispatcher::getController() must be of the type string, null given, called in /Users/samsun/Desktop/project/easy_swoole_test/vendor/easyswoole/socket/src/Dispatcher.php on line 75 and defined in /Users/samsun/Desktop/project/easy_swoole_test/vendor/easyswoole/socket/src/Dispatcher.php:156
Stack trace:
#0 /Users/samsun/Desktop/project/easy_swoole_test/vendor/easyswoole/socket/src/Dispatcher.php(75): EasySwoole\Socket\Dispatcher->getController(NULL)
#1 /Users/samsun/Desktop/project/easy_swoole_test/EasySwooleEvent.php(41): EasySwoole\Socket\Dispatcher->dispatch(Object(Swoole\WebSocket\Server), 'PING', Object(Swoole\WebSocket\Frame))
#2 [internal function]: EasySwoole\EasySwoole\EasySwooleEvent::EasySwoole\EasySwoole\{closure}(Object(Swoole\WebSocket\Server), Object(Swoole\WebSocket\Frame))
#3 /Users/samsun/Desktop/project/easy_swoole_test/vendor/easyswoole/easyswoole/src/ServerManager.php(111): call_user_func(Object(Closure), Object(Swoole\WebSocket\Ser in /Users/samsun/Desktop/project/easy_swoole_test/vendor/easyswoole/socket/src/Dispatcher.php on line 156
[2020-04-29 21:45:16 $59509.0]	WARNING	swManager_check_exit_status: worker#0[pid=59510] abnormal exit, status=255, signal=0
[2020-04-29 21:46:03 *59517.0]	ERROR	php_swoole_server_rshutdown (ERRNO 503): Fatal error: Uncaught TypeError: Argument 1 passed to EasySwoole\Socket\Dispatcher::getController() must be of the type string, null given, called in /Users/samsun/Desktop/project/easy_swoole_test/vendor/easyswoole/socket/src/Dispatcher.php on line 75 and defined in /Users/samsun/Desktop/project/easy_swoole_test/vendor/easyswoole/socket/src/Dispatcher.php:156
Stack trace:
#0 /Users/samsun/Desktop/project/easy_swoole_test/vendor/easyswoole/socket/src/Dispatcher.php(75): EasySwoole\Socket\Dispatcher->getController(NULL)
#1 /Users/samsun/Desktop/project/easy_swoole_test/EasySwooleEvent.php(41): EasySwoole\Socket\Dispatcher->dispatch(Object(Swoole\WebSocket\Server), 'PING', Object(Swoole\WebSocket\Frame))
#2 [internal function]: EasySwoole\EasySwoole\EasySwooleEvent::EasySwoole\EasySwoole\{closure}(Object(Swoole\WebSocket\Server), Object(Swoole\WebSocket\Frame))
#3 /Users/samsun/Desktop/project/easy_swoole_test/vendor/easyswoole/easyswoole/src/ServerManager.php(111): call_user_func(Object(Closure), Object(Swoole\WebSocket\Ser in /Users/samsun/Desktop/project/easy_swoole_test/vendor/easyswoole/socket/src/Dispatcher.php on line 156
[2020-04-29 21:46:03 $59509.0]	WARNING	swManager_check_exit_status: worker#0[pid=59517] abnormal exit, status=255, signal=0
[2020-04-29 21:46:13 *59518.0]	ERROR	php_swoole_server_rshutdown (ERRNO 503): Fatal error: Uncaught TypeError: Argument 1 passed to EasySwoole\Socket\Dispatcher::getController() must be of the type string, null given, called in /Users/samsun/Desktop/project/easy_swoole_test/vendor/easyswoole/socket/src/Dispatcher.php on line 75 and defined in /Users/samsun/Desktop/project/easy_swoole_test/vendor/easyswoole/socket/src/Dispatcher.php:156
Stack trace:
#0 /Users/samsun/Desktop/project/easy_swoole_test/vendor/easyswoole/socket/src/Dispatcher.php(75): EasySwoole\Socket\Dispatcher->getController(NULL)
#1 /Users/samsun/Desktop/project/easy_swoole_test/EasySwooleEvent.php(41): EasySwoole\Socket\Dispatcher->dispatch(Object(Swoole\WebSocket\Server), 'PING', Object(Swoole\WebSocket\Frame))
#2 [internal function]: EasySwoole\EasySwoole\EasySwooleEvent::EasySwoole\EasySwoole\{closure}(Object(Swoole\WebSocket\Server), Object(Swoole\WebSocket\Frame))
#3 /Users/samsun/Desktop/project/easy_swoole_test/vendor/easyswoole/easyswoole/src/ServerManager.php(111): call_user_func(Object(Closure), Object(Swoole\WebSocket\Ser in /Users/samsun/Desktop/project/easy_swoole_test/vendor/easyswoole/socket/src/Dispatcher.php on line 156
[2020-04-29 21:46:13 $59509.0]	WARNING	swManager_check_exit_status: worker#0[pid=59518] abnormal exit, status=255, signal=0
[2020-04-29 21:46:26 *59520.0]	ERROR	php_swoole_server_rshutdown (ERRNO 503): Fatal error: Uncaught TypeError: Argument 1 passed to EasySwoole\Socket\Dispatcher::getController() must be of the type string, null given, called in /Users/samsun/Desktop/project/easy_swoole_test/vendor/easyswoole/socket/src/Dispatcher.php on line 75 and defined in /Users/samsun/Desktop/project/easy_swoole_test/vendor/easyswoole/socket/src/Dispatcher.php:156
Stack trace:
#0 /Users/samsun/Desktop/project/easy_swoole_test/vendor/easyswoole/socket/src/Dispatcher.php(75): EasySwoole\Socket\Dispatcher->getController(NULL)
#1 /Users/samsun/Desktop/project/easy_swoole_test/EasySwooleEvent.php(41): EasySwoole\Socket\Dispatcher->dispatch(Object(Swoole\WebSocket\Server), 'PING', Object(Swoole\WebSocket\Frame))
#2 [internal function]: EasySwoole\EasySwoole\EasySwooleEvent::EasySwoole\EasySwoole\{closure}(Object(Swoole\WebSocket\Server), Object(Swoole\WebSocket\Frame))
#3 /Users/samsun/Desktop/project/easy_swoole_test/vendor/easyswoole/easyswoole/src/ServerManager.php(111): call_user_func(Object(Closure), Object(Swoole\WebSocket\Ser in /Users/samsun/Desktop/project/easy_swoole_test/vendor/easyswoole/socket/src/Dispatcher.php on line 156
[2020-04-29 21:46:26 $59509.0]	WARNING	swManager_check_exit_status: worker#0[pid=59520] abnormal exit, status=255, signal=0
[2020-04-29 22:09:29 *59582.1]	ERROR	php_swoole_server_rshutdown (ERRNO 503): Fatal error: Uncaught TypeError: Argument 1 passed to App\WebSocket\WebSocketEvent::App\WebSocket\{closure}() must be an instance of App\Utils\Redis, instance of EasySwoole\Redis\Redis given in /Users/samsun/Desktop/project/easy_swoole_test/App/WebSocket/WebSocketEvent.php:28
Stack trace:
#0 [internal function]: App\WebSocket\WebSocketEvent::App\WebSocket\{closure}(Object(EasySwoole\Redis\Redis))
#1 /Users/samsun/Desktop/project/easy_swoole_test/vendor/easyswoole/pool/src/AbstractPool.php(367): call_user_func(Object(Closure), Object(EasySwoole\Redis\Redis))
#2 /Users/samsun/Desktop/project/easy_swoole_test/App/WebSocket/WebSocketEvent.php(30): EasySwoole\Pool\AbstractPool->invoke(Object(Closure))
#3 {main}
  thrown in /Users/samsun/Desktop/project/easy_swoole_test/App/WebSocket/WebSocketEvent.php on line 28
[2020-04-29 22:09:29 $59580.0]	WARNING	swManager_check_exit_status: worker#1[pid=59582] abnormal exit, status=255, signal=0
[2020-04-29 22:10:34 *59583.2]	ERROR	php_swoole_server_rshutdown (ERRNO 503): Fatal error: Uncaught TypeError: Argument 1 passed to App\WebSocket\WebSocketEvent::App\WebSocket\{closure}() must be an instance of App\Utils\Redis, instance of EasySwoole\Redis\Redis given in /Users/samsun/Desktop/project/easy_swoole_test/App/WebSocket/WebSocketEvent.php:28
Stack trace:
#0 [internal function]: App\WebSocket\WebSocketEvent::App\WebSocket\{closure}(Object(EasySwoole\Redis\Redis))
#1 /Users/samsun/Desktop/project/easy_swoole_test/vendor/easyswoole/pool/src/AbstractPool.php(367): call_user_func(Object(Closure), Object(EasySwoole\Redis\Redis))
#2 /Users/samsun/Desktop/project/easy_swoole_test/App/WebSocket/WebSocketEvent.php(30): EasySwoole\Pool\AbstractPool->invoke(Object(Closure))
#3 {main}
  thrown in /Users/samsun/Desktop/project/easy_swoole_test/App/WebSocket/WebSocketEvent.php on line 28
[2020-04-29 22:10:34 $59580.0]	WARNING	swManager_check_exit_status: worker#2[pid=59583] abnormal exit, status=255, signal=0
[2020-04-29 22:22:24 *59581.0]	ERROR	php_swoole_server_rshutdown (ERRNO 503): Fatal error: Uncaught TypeError: Argument 1 passed to App\WebSocket\WebSocketEvent::App\WebSocket\{closure}() must be an instance of App\Utils\Redis, instance of EasySwoole\Redis\Redis given in /Users/samsun/Desktop/project/easy_swoole_test/App/WebSocket/WebSocketEvent.php:28
Stack trace:
#0 [internal function]: App\WebSocket\WebSocketEvent::App\WebSocket\{closure}(Object(EasySwoole\Redis\Redis))
#1 /Users/samsun/Desktop/project/easy_swoole_test/vendor/easyswoole/pool/src/AbstractPool.php(367): call_user_func(Object(Closure), Object(EasySwoole\Redis\Redis))
#2 /Users/samsun/Desktop/project/easy_swoole_test/App/WebSocket/WebSocketEvent.php(30): EasySwoole\Pool\AbstractPool->invoke(Object(Closure))
#3 {main}
  thrown in /Users/samsun/Desktop/project/easy_swoole_test/App/WebSocket/WebSocketEvent.php on line 28
[2020-04-29 22:22:24 $59580.0]	WARNING	swManager_check_exit_status: worker#0[pid=59581] abnormal exit, status=255, signal=0
[2020-04-30 17:22:08 *60629.0]	ERROR	php_swoole_server_rshutdown (ERRNO 503): Fatal error: Uncaught TypeError: Argument 1 passed to EasySwoole\Socket\Dispatcher::getController() must be of the type string, null given, called in /Users/samsun/Desktop/project/easy_swoole_test/vendor/easyswoole/socket/src/Dispatcher.php on line 75 and defined in /Users/samsun/Desktop/project/easy_swoole_test/vendor/easyswoole/socket/src/Dispatcher.php:156
Stack trace:
#0 /Users/samsun/Desktop/project/easy_swoole_test/vendor/easyswoole/socket/src/Dispatcher.php(75): EasySwoole\Socket\Dispatcher->getController(NULL)
#1 /Users/samsun/Desktop/project/easy_swoole_test/EasySwooleEvent.php(41): EasySwoole\Socket\Dispatcher->dispatch(Object(Swoole\WebSocket\Server), 'PING', Object(Swoole\WebSocket\Frame))
#2 [internal function]: EasySwoole\EasySwoole\EasySwooleEvent::EasySwoole\EasySwoole\{closure}(Object(Swoole\WebSocket\Server), Object(Swoole\WebSocket\Frame))
#3 /Users/samsun/Desktop/project/easy_swoole_test/vendor/easyswoole/easyswoole/src/ServerManager.php(111): call_user_func(Object(Closure), Object(Swoole\WebSocket\Ser in /Users/samsun/Desktop/project/easy_swoole_test/vendor/easyswoole/socket/src/Dispatcher.php on line 156
[2020-04-30 17:22:08 $60628.0]	WARNING	swManager_check_exit_status: worker#0[pid=60629] abnormal exit, status=255, signal=0
[2020-04-30 17:22:22 *60662.0]	ERROR	php_swoole_server_rshutdown (ERRNO 503): Fatal error: Uncaught TypeError: Argument 1 passed to EasySwoole\Socket\Dispatcher::getController() must be of the type string, null given, called in /Users/samsun/Desktop/project/easy_swoole_test/vendor/easyswoole/socket/src/Dispatcher.php on line 75 and defined in /Users/samsun/Desktop/project/easy_swoole_test/vendor/easyswoole/socket/src/Dispatcher.php:156
Stack trace:
#0 /Users/samsun/Desktop/project/easy_swoole_test/vendor/easyswoole/socket/src/Dispatcher.php(75): EasySwoole\Socket\Dispatcher->getController(NULL)
#1 /Users/samsun/Desktop/project/easy_swoole_test/EasySwooleEvent.php(41): EasySwoole\Socket\Dispatcher->dispatch(Object(Swoole\WebSocket\Server), 'PING', Object(Swoole\WebSocket\Frame))
#2 [internal function]: EasySwoole\EasySwoole\EasySwooleEvent::EasySwoole\EasySwoole\{closure}(Object(Swoole\WebSocket\Server), Object(Swoole\WebSocket\Frame))
#3 /Users/samsun/Desktop/project/easy_swoole_test/vendor/easyswoole/easyswoole/src/ServerManager.php(111): call_user_func(Object(Closure), Object(Swoole\WebSocket\Ser in /Users/samsun/Desktop/project/easy_swoole_test/vendor/easyswoole/socket/src/Dispatcher.php on line 156
[2020-04-30 17:22:22 $60628.0]	WARNING	swManager_check_exit_status: worker#0[pid=60662] abnormal exit, status=255, signal=0
[2020-04-30 17:28:35 *60708.0]	ERROR	php_swoole_server_rshutdown (ERRNO 503): Fatal error: Uncaught TypeError: Argument 1 passed to App\WebSocket\WebSocketEvent::App\WebSocket\{closure}() must be an instance of App\Utils\Redis, instance of EasySwoole\Redis\Redis given in /Users/samsun/Desktop/project/easy_swoole_test/App/WebSocket/WebSocketEvent.php:28
Stack trace:
#0 [internal function]: App\WebSocket\WebSocketEvent::App\WebSocket\{closure}(Object(EasySwoole\Redis\Redis))
#1 /Users/samsun/Desktop/project/easy_swoole_test/vendor/easyswoole/pool/src/AbstractPool.php(367): call_user_func(Object(Closure), Object(EasySwoole\Redis\Redis))
#2 /Users/samsun/Desktop/project/easy_swoole_test/App/WebSocket/WebSocketEvent.php(33): EasySwoole\Pool\AbstractPool->invoke(Object(Closure))
#3 {main}
  thrown in /Users/samsun/Desktop/project/easy_swoole_test/App/WebSocket/WebSocketEvent.php on line 28
[2020-04-30 17:28:35 $60707.0]	WARNING	swManager_check_exit_status: worker#0[pid=60708] abnormal exit, status=255, signal=0
[2020-04-30 17:29:35 *60723.0]	ERROR	php_swoole_server_rshutdown (ERRNO 503): Fatal error: Uncaught TypeError: Argument 1 passed to App\WebSocket\WebSocketEvent::App\WebSocket\{closure}() must be an instance of App\Utils\Redis, instance of EasySwoole\Redis\Redis given in /Users/samsun/Desktop/project/easy_swoole_test/App/WebSocket/WebSocketEvent.php:28
Stack trace:
#0 [internal function]: App\WebSocket\WebSocketEvent::App\WebSocket\{closure}(Object(EasySwoole\Redis\Redis))
#1 /Users/samsun/Desktop/project/easy_swoole_test/vendor/easyswoole/pool/src/AbstractPool.php(367): call_user_func(Object(Closure), Object(EasySwoole\Redis\Redis))
#2 /Users/samsun/Desktop/project/easy_swoole_test/App/WebSocket/WebSocketEvent.php(30): EasySwoole\Pool\AbstractPool->invoke(Object(Closure))
#3 {main}
  thrown in /Users/samsun/Desktop/project/easy_swoole_test/App/WebSocket/WebSocketEvent.php on line 28
[2020-04-30 17:29:35 $60722.0]	WARNING	swManager_check_exit_status: worker#0[pid=60723] abnormal exit, status=255, signal=0
[2020-04-30 17:29:45 *60724.1]	ERROR	php_swoole_server_rshutdown (ERRNO 503): Fatal error: Uncaught TypeError: Argument 1 passed to App\WebSocket\WebSocketEvent::App\WebSocket\{closure}() must be an instance of App\Utils\Redis, instance of EasySwoole\Redis\Redis given in /Users/samsun/Desktop/project/easy_swoole_test/App/WebSocket/WebSocketEvent.php:28
Stack trace:
#0 [internal function]: App\WebSocket\WebSocketEvent::App\WebSocket\{closure}(Object(EasySwoole\Redis\Redis))
#1 /Users/samsun/Desktop/project/easy_swoole_test/vendor/easyswoole/pool/src/AbstractPool.php(367): call_user_func(Object(Closure), Object(EasySwoole\Redis\Redis))
#2 /Users/samsun/Desktop/project/easy_swoole_test/App/WebSocket/WebSocketEvent.php(30): EasySwoole\Pool\AbstractPool->invoke(Object(Closure))
#3 {main}
  thrown in /Users/samsun/Desktop/project/easy_swoole_test/App/WebSocket/WebSocketEvent.php on line 28
[2020-04-30 17:29:45 $60722.0]	WARNING	swManager_check_exit_status: worker#1[pid=60724] abnormal exit, status=255, signal=0
[2020-04-30 17:34:22 *60741.0]	ERROR	php_swoole_server_rshutdown (ERRNO 503): Fatal error: Uncaught TypeError: Argument 1 passed to EasySwoole\Socket\Dispatcher::getController() must be of the type string, null given, called in /Users/samsun/Desktop/project/easy_swoole_test/vendor/easyswoole/socket/src/Dispatcher.php on line 75 and defined in /Users/samsun/Desktop/project/easy_swoole_test/vendor/easyswoole/socket/src/Dispatcher.php:156
Stack trace:
#0 /Users/samsun/Desktop/project/easy_swoole_test/vendor/easyswoole/socket/src/Dispatcher.php(75): EasySwoole\Socket\Dispatcher->getController(NULL)
#1 /Users/samsun/Desktop/project/easy_swoole_test/EasySwooleEvent.php(41): EasySwoole\Socket\Dispatcher->dispatch(Object(Swoole\WebSocket\Server), 'PING', Object(Swoole\WebSocket\Frame))
#2 [internal function]: EasySwoole\EasySwoole\EasySwooleEvent::EasySwoole\EasySwoole\{closure}(Object(Swoole\WebSocket\Server), Object(Swoole\WebSocket\Frame))
#3 /Users/samsun/Desktop/project/easy_swoole_test/vendor/easyswoole/easyswoole/src/ServerManager.php(111): call_user_func(Object(Closure), Object(Swoole\WebSocket\Ser in /Users/samsun/Desktop/project/easy_swoole_test/vendor/easyswoole/socket/src/Dispatcher.php on line 156
[2020-04-30 17:34:22 $60740.0]	WARNING	swManager_check_exit_status: worker#0[pid=60741] abnormal exit, status=255, signal=0
[2020-05-12 16:22:42 $21573.0]	INFO	Server is reloading all workers now
[2020-05-12 16:22:46 $21573.0]	INFO	Server is reloading all workers now
[2020-05-12 16:23:39 $21573.0]	INFO	Server is reloading all workers now
[2020-05-12 16:23:42 $21573.0]	INFO	Server is reloading all workers now
[2020-05-12 16:24:15 $21573.0]	INFO	Server is reloading all workers now
[2020-05-12 16:24:32 $21573.0]	INFO	Server is reloading all workers now
[2020-05-12 16:24:43 $21573.0]	INFO	Server is reloading all workers now
[2020-05-12 16:25:09 $21573.0]	INFO	Server is reloading all workers now
[2020-05-12 16:25:13 $21573.0]	INFO	Server is reloading all workers now
[2020-05-12 16:28:15 $21710.0]	INFO	Server is reloading all workers now
[2020-05-12 16:29:35 $21710.0]	INFO	Server is reloading all workers now
[2020-05-12 16:31:19 $21710.0]	INFO	Server is reloading all workers now
[2020-05-12 16:31:47 $21710.0]	INFO	Server is reloading all workers now
[2020-05-12 16:32:05 $21710.0]	INFO	Server is reloading all workers now
[2020-05-12 16:32:08 $21710.0]	INFO	Server is reloading all workers now
[2020-05-12 16:33:29 $21710.0]	INFO	Server is reloading all workers now
[2020-05-12 16:33:56 $21710.0]	INFO	Server is reloading all workers now
[2020-05-12 16:34:21 $21770.0]	INFO	Server is reloading all workers now
[2020-05-12 16:34:37 $21770.0]	INFO	Server is reloading all workers now
[2020-05-12 16:35:15 $21770.0]	INFO	Server is reloading all workers now
[2020-05-12 16:35:22 $21770.0]	INFO	Server is reloading all workers now
[2020-05-12 16:35:46 $21770.0]	INFO	Server is reloading all workers now
[2020-05-12 16:49:46 $21770.0]	INFO	Server is reloading all workers now
[2020-05-12 16:50:37 $21770.0]	INFO	Server is reloading all workers now
[2020-05-12 16:50:41 $21770.0]	INFO	Server is reloading all workers now
[2020-05-12 16:50:42 $21770.0]	INFO	Server is reloading all workers now
[2020-05-12 16:50:47 $21770.0]	INFO	Server is reloading all workers now
[2020-05-12 16:53:31 $21770.0]	INFO	Server is reloading all workers now
[2020-05-12 16:53:46 $21770.0]	INFO	Server is reloading all workers now
[2020-05-12 16:53:50 $21770.0]	INFO	Server is reloading all workers now
[2020-05-12 16:53:52 $21770.0]	INFO	Server is reloading all workers now
[2020-05-12 16:54:36 $21770.0]	INFO	Server is reloading all workers now
[2020-05-12 16:54:53 $21770.0]	INFO	Server is reloading all workers now
[2020-05-12 16:55:10 $21770.0]	INFO	Server is reloading all workers now
[2020-05-12 16:55:15 $21770.0]	INFO	Server is reloading all workers now
[2020-05-12 16:55:17 $21770.0]	INFO	Server is reloading all workers now
[2020-05-12 16:55:18 $21770.0]	INFO	Server is reloading all workers now
[2020-05-12 16:55:22 $21770.0]	INFO	Server is reloading all workers now
[2020-05-12 16:55:46 $21770.0]	INFO	Server is reloading all workers now
[2020-05-12 17:15:19 *22087.0]	ERROR	php_swoole_server_rshutdown (ERRNO 503): Fatal error: Class App\Config\Sys contains 1 abstract method and must therefore be declared abstract or implement the remaining methods (App\Config\EvConfig::init) in /Users/samsun/Desktop/project/easy_swoole_test/App/Config/sys.php on line 19
[2020-05-12 17:15:19 $22086.0]	WARNING	swManager_check_exit_status: worker#0[pid=22087] abnormal exit, status=255, signal=0
[2020-05-12 18:10:56 $22398.0]	INFO	Server is reloading all workers now
[2020-05-12 18:11:01 $22398.0]	INFO	Server is reloading all workers now
[2020-05-12 18:15:03 $22398.0]	INFO	Server is reloading all workers now
[2020-05-12 18:15:11 $22398.0]	INFO	Server is reloading all workers now
[2020-05-12 18:15:16 $22398.0]	INFO	Server is reloading all workers now
[2020-05-12 18:15:19 $22398.0]	INFO	Server is reloading all workers now
[2020-05-12 18:15:34 $22398.0]	INFO	Server is reloading all workers now
[2020-05-12 18:15:41 $22398.0]	INFO	Server is reloading all workers now
[2020-05-12 18:16:03 $22398.0]	INFO	Server is reloading all workers now
[2020-05-12 18:16:10 $22398.0]	INFO	Server is reloading all workers now
[2020-05-12 18:16:40 $22398.0]	INFO	Server is reloading all workers now
[2020-05-12 18:16:46 $22398.0]	INFO	Server is reloading all workers now
[2020-05-12 18:16:53 $22398.0]	INFO	Server is reloading all workers now
[2020-05-12 18:16:57 $22398.0]	INFO	Server is reloading all workers now
[2020-05-12 18:17:51 $22398.0]	INFO	Server is reloading all workers now
[2020-05-12 18:18:42 $22398.0]	INFO	Server is reloading all workers now
[2020-05-12 18:18:48 $22398.0]	INFO	Server is reloading all workers now
[2020-05-12 18:21:29 $22398.0]	INFO	Server is reloading all workers now
[2020-05-12 18:23:22 $22619.0]	INFO	Server is reloading all workers now
[2020-05-12 18:23:29 $22619.0]	INFO	Server is reloading all workers now
[2020-05-12 18:23:51 $22619.0]	INFO	Server is reloading all workers now
[2020-05-12 18:23:58 $22619.0]	INFO	Server is reloading all workers now
[2020-05-12 18:24:31 $22619.0]	INFO	Server is reloading all workers now
[2020-05-12 18:24:36 $22619.0]	INFO	Server is reloading all workers now
[2020-05-12 18:34:28 $22619.0]	INFO	Server is reloading all workers now
[2020-05-12 18:34:34 $22619.0]	INFO	Server is reloading all workers now
[2020-05-12 18:35:56 $22619.0]	INFO	Server is reloading all workers now
[2020-05-12 18:36:03 $22619.0]	INFO	Server is reloading all workers now
[2020-05-12 18:36:14 $22619.0]	INFO	Server is reloading all workers now
[2020-05-12 18:36:29 $22619.0]	INFO	Server is reloading all workers now
[2020-05-12 18:36:32 $22619.0]	INFO	Server is reloading all workers now
[2020-05-12 18:36:50 $22619.0]	INFO	Server is reloading all workers now
[2020-05-12 18:36:53 $22619.0]	INFO	Server is reloading all workers now
[2020-05-12 18:38:39 $22619.0]	INFO	Server is reloading all workers now
[2020-05-12 18:38:45 $22619.0]	INFO	Server is reloading all workers now
[2020-05-12 18:38:46 $22619.0]	INFO	Server is reloading all workers now
[2020-05-12 18:39:51 $22619.0]	INFO	Server is reloading all workers now
[2020-05-12 18:39:54 $22724.0]	INFO	Server is reloading all workers now
[2020-05-12 18:40:35 $22724.0]	INFO	Server is reloading all workers now
[2020-05-12 18:40:39 $22724.0]	INFO	Server is reloading all workers now
[2020-05-12 18:40:58 $22724.0]	INFO	Server is reloading all workers now
[2020-05-12 18:41:00 $22724.0]	INFO	Server is reloading all workers now
[2020-05-12 18:41:06 $22724.0]	INFO	Server is reloading all workers now
[2020-05-12 18:41:14 $22724.0]	INFO	Server is reloading all workers now
[2020-05-12 18:41:17 $22724.0]	INFO	Server is reloading all workers now
[2020-05-12 18:41:41 $22724.0]	INFO	Server is reloading all workers now
[2020-05-12 18:41:45 $22724.0]	INFO	Server is reloading all workers now
[2020-05-12 18:42:03 $22724.0]	INFO	Server is reloading all workers now
[2020-05-12 18:42:07 $22724.0]	INFO	Server is reloading all workers now
[2020-05-12 18:42:19 $22724.0]	INFO	Server is reloading all workers now
[2020-05-12 18:42:23 $22724.0]	INFO	Server is reloading all workers now
[2020-05-12 18:42:30 $22724.0]	INFO	Server is reloading all workers now
[2020-05-12 18:43:03 $22803.0]	INFO	Server is reloading all workers now
[2020-05-12 18:43:08 $22803.0]	INFO	Server is reloading all workers now
[2020-05-12 18:43:12 $22803.0]	INFO	Server is reloading all workers now
[2020-05-12 18:43:16 $22803.0]	INFO	Server is reloading all workers now
[2020-05-12 18:44:01 $22803.0]	INFO	Server is reloading all workers now
[2020-05-12 18:44:06 $22803.0]	INFO	Server is reloading all workers now
[2020-05-12 18:44:08 $22803.0]	INFO	Server is reloading all workers now
[2020-05-12 18:44:09 $22803.0]	INFO	Server is reloading all workers now
[2020-05-12 18:44:25 $22803.0]	INFO	Server is reloading all workers now
[2020-05-12 18:44:48 $22803.0]	INFO	Server is reloading all workers now
[2020-05-12 18:44:52 $22803.0]	INFO	Server is reloading all workers now
[2020-05-12 18:49:50 $22803.0]	INFO	Server is reloading all workers now
[2020-05-12 18:49:56 $22803.0]	INFO	Server is reloading all workers now
[2020-05-12 18:50:46 $22803.0]	INFO	Server is reloading all workers now
[2020-05-12 18:50:53 $22803.0]	INFO	Server is reloading all workers now
[2020-05-12 18:51:06 $22803.0]	INFO	Server is reloading all workers now
[2020-05-12 18:51:10 $22803.0]	INFO	Server is reloading all workers now
[2020-05-12 18:51:47 $22803.0]	INFO	Server is reloading all workers now
[2020-05-12 18:51:52 $22803.0]	INFO	Server is reloading all workers now
[2020-05-12 18:52:14 $22803.0]	INFO	Server is reloading all workers now
[2020-05-12 18:52:18 $22803.0]	INFO	Server is reloading all workers now
[2020-05-12 18:52:34 $22803.0]	INFO	Server is reloading all workers now
[2020-05-12 18:52:37 $22803.0]	INFO	Server is reloading all workers now
[2020-05-12 18:53:05 $22803.0]	INFO	Server is reloading all workers now
[2020-05-12 18:53:09 $22803.0]	INFO	Server is reloading all workers now
[2020-05-12 18:53:49 $22803.0]	INFO	Server is reloading all workers now
[2020-05-12 18:53:52 $22803.0]	INFO	Server is reloading all workers now
[2020-05-12 18:54:21 $22803.0]	INFO	Server is reloading all workers now
[2020-05-12 18:54:25 $22803.0]	INFO	Server is reloading all workers now
[2020-05-12 18:54:34 $22803.0]	INFO	Server is reloading all workers now
[2020-05-12 18:54:39 $22803.0]	INFO	Server is reloading all workers now
[2020-05-12 18:56:48 $22803.0]	INFO	Server is reloading all workers now
[2020-05-12 18:56:53 $22803.0]	INFO	Server is reloading all workers now
[2020-05-12 19:00:49 $22803.0]	INFO	Server is reloading all workers now
[2020-05-12 19:00:53 $22803.0]	INFO	Server is reloading all workers now
[2020-05-12 19:01:56 $22803.0]	INFO	Server is reloading all workers now
[2020-05-12 19:02:01 $22803.0]	INFO	Server is reloading all workers now
[2020-05-12 19:02:49 $22803.0]	INFO	Server is reloading all workers now
[2020-05-12 19:02:52 $22803.0]	INFO	Server is reloading all workers now
[2020-05-12 19:02:58 $22803.0]	INFO	Server is reloading all workers now
[2020-05-12 19:03:02 $22803.0]	INFO	Server is reloading all workers now
[2020-05-12 22:25:09 $22803.0]	INFO	Server is reloading all workers now
[2020-05-13 09:37:12 $22803.0]	INFO	Server is reloading all workers now
[2020-05-13 09:46:47 $22803.0]	INFO	Server is reloading all workers now
[2020-05-13 09:46:57 $22803.0]	INFO	Server is reloading all workers now
[2020-05-13 09:51:47 $22803.0]	INFO	Server is reloading all workers now
[2020-05-13 09:51:53 $22803.0]	INFO	Server is reloading all workers now
[2020-05-13 09:53:26 $22803.0]	INFO	Server is reloading all workers now
[2020-05-13 09:53:42 $22803.0]	INFO	Server is reloading all workers now
[2020-05-13 09:53:52 $22803.0]	INFO	Server is reloading all workers now
[2020-05-13 09:54:32 $22803.0]	INFO	Server is reloading all workers now
[2020-05-13 09:54:40 $22803.0]	INFO	Server is reloading all workers now
[2020-05-13 09:55:30 $22803.0]	INFO	Server is reloading all workers now
[2020-05-13 09:55:36 $22803.0]	INFO	Server is reloading all workers now
[2020-05-13 09:55:45 $22803.0]	INFO	Server is reloading all workers now
[2020-05-13 09:55:49 $22803.0]	INFO	Server is reloading all workers now
[2020-05-13 09:55:53 $22803.0]	INFO	Server is reloading all workers now
[2020-05-13 09:56:04 $22803.0]	INFO	Server is reloading all workers now
[2020-05-13 09:56:08 $22803.0]	INFO	Server is reloading all workers now
[2020-05-13 09:56:58 $22803.0]	INFO	Server is reloading all workers now
[2020-05-13 09:57:03 $22803.0]	INFO	Server is reloading all workers now
[2020-05-13 09:57:20 $22803.0]	INFO	Server is reloading all workers now
[2020-05-13 09:57:26 $22803.0]	INFO	Server is reloading all workers now
[2020-05-13 09:57:28 $22803.0]	INFO	Server is reloading all workers now
[2020-05-13 09:57:31 $22803.0]	INFO	Server is reloading all workers now
[2020-05-13 09:57:34 $22803.0]	INFO	Server is reloading all workers now
[2020-05-13 09:57:37 $22803.0]	INFO	Server is reloading all workers now
[2020-05-13 09:57:41 $22803.0]	INFO	Server is reloading all workers now
[2020-05-13 09:57:50 $22803.0]	INFO	Server is reloading all workers now
[2020-05-13 09:57:57 $22803.0]	INFO	Server is reloading all workers now
[2020-05-13 09:57:58 $22803.0]	INFO	Server is reloading all workers now
[2020-05-13 09:58:05 $22803.0]	INFO	Server is reloading all workers now
[2020-05-13 09:58:09 $22803.0]	INFO	Server is reloading all workers now
[2020-05-13 09:58:57 $22803.0]	INFO	Server is reloading all workers now
[2020-05-13 09:59:05 $22803.0]	INFO	Server is reloading all workers now
[2020-05-13 09:59:25 $22803.0]	INFO	Server is reloading all workers now
[2020-05-13 09:59:32 $22803.0]	INFO	Server is reloading all workers now
[2020-05-13 09:59:34 $22803.0]	INFO	Server is reloading all workers now
[2020-05-13 09:59:41 $22803.0]	INFO	Server is reloading all workers now
[2020-05-13 09:59:43 $22803.0]	INFO	Server is reloading all workers now
[2020-05-13 09:59:47 $22803.0]	INFO	Server is reloading all workers now
[2020-05-13 09:59:54 $22803.0]	INFO	Server is reloading all workers now
[2020-05-13 10:00:01 $22803.0]	INFO	Server is reloading all workers now
[2020-05-13 10:01:22 $22803.0]	INFO	Server is reloading all workers now
[2020-05-13 10:01:26 $22803.0]	INFO	Server is reloading all workers now
[2020-05-13 10:01:29 $22803.0]	INFO	Server is reloading all workers now
[2020-05-13 10:01:58 $22803.0]	INFO	Server is reloading all workers now
[2020-05-13 10:02:02 $22803.0]	INFO	Server is reloading all workers now
[2020-05-13 10:02:05 $22803.0]	INFO	Server is reloading all workers now
[2020-05-13 10:02:10 $22803.0]	INFO	Server is reloading all workers now
[2020-05-13 10:02:11 $22803.0]	INFO	Server is reloading all workers now
[2020-05-13 10:02:14 $22803.0]	INFO	Server is reloading all workers now
[2020-05-13 10:02:36 $22803.0]	INFO	Server is reloading all workers now
[2020-05-13 10:02:38 $22803.0]	INFO	Server is reloading all workers now
[2020-05-13 10:02:41 $22803.0]	INFO	Server is reloading all workers now
[2020-05-13 10:06:20 $22803.0]	INFO	Server is reloading all workers now
[2020-05-13 10:06:28 $22803.0]	INFO	Server is reloading all workers now
[2020-05-13 10:06:41 $22803.0]	INFO	Server is reloading all workers now
[2020-05-13 10:06:57 $22803.0]	INFO	Server is reloading all workers now
[2020-05-13 10:06:59 $22803.0]	INFO	Server is reloading all workers now
[2020-05-13 10:07:21 $22803.0]	INFO	Server is reloading all workers now
[2020-05-13 10:07:42 $22803.0]	INFO	Server is reloading all workers now
[2020-05-13 10:07:49 $22803.0]	INFO	Server is reloading all workers now
[2020-05-13 10:08:28 $22803.0]	INFO	Server is reloading all workers now
[2020-05-13 10:08:34 $22803.0]	INFO	Server is reloading all workers now
[2020-05-13 10:08:38 $22803.0]	INFO	Server is reloading all workers now
[2020-05-13 10:08:41 $22803.0]	INFO	Server is reloading all workers now
[2020-05-13 10:09:07 $22803.0]	INFO	Server is reloading all workers now
[2020-05-13 10:09:13 $22803.0]	INFO	Server is reloading all workers now
[2020-05-13 10:09:23 $22803.0]	INFO	Server is reloading all workers now
[2020-05-13 10:09:29 $22803.0]	INFO	Server is reloading all workers now
[2020-05-13 10:09:31 $22803.0]	INFO	Server is reloading all workers now
[2020-05-13 10:09:38 $22803.0]	INFO	Server is reloading all workers now
[2020-05-13 10:10:36 $22803.0]	INFO	Server is reloading all workers now
[2020-05-13 10:10:41 $22803.0]	INFO	Server is reloading all workers now
[2020-05-13 10:10:44 $22803.0]	INFO	Server is reloading all workers now
[2020-05-13 10:11:41 $22803.0]	INFO	Server is reloading all workers now
[2020-05-13 10:11:45 $22803.0]	INFO	Server is reloading all workers now
[2020-05-13 10:12:46 $22803.0]	INFO	Server is reloading all workers now
[2020-05-13 10:12:51 $22803.0]	INFO	Server is reloading all workers now
[2020-05-13 10:14:24 $23732.0]	INFO	Server is reloading all workers now
[2020-05-13 10:14:29 $23732.0]	INFO	Server is reloading all workers now
[2020-05-13 10:15:17 $23732.0]	INFO	Server is reloading all workers now
[2020-05-13 10:15:24 $23732.0]	INFO	Server is reloading all workers now
[2020-05-13 10:19:12 $23732.0]	INFO	Server is reloading all workers now
[2020-05-13 10:19:17 $23732.0]	INFO	Server is reloading all workers now
[2020-05-13 10:19:39 $23732.0]	INFO	Server is reloading all workers now
[2020-05-13 10:19:43 $23732.0]	INFO	Server is reloading all workers now
[2020-05-13 10:19:59 $23732.0]	INFO	Server is reloading all workers now
[2020-05-13 10:20:00 $23732.0]	INFO	Server is reloading all workers now
[2020-05-13 10:20:05 $23732.0]	INFO	Server is reloading all workers now
[2020-05-13 10:20:09 $23732.0]	INFO	Server is reloading all workers now
[2020-05-13 10:20:14 $23732.0]	INFO	Server is reloading all workers now
[2020-05-13 10:20:31 $23732.0]	INFO	Server is reloading all workers now
[2020-05-13 10:20:32 $23732.0]	INFO	Server is reloading all workers now
[2020-05-13 10:20:37 $23732.0]	INFO	Server is reloading all workers now
[2020-05-13 10:20:52 $23732.0]	INFO	Server is reloading all workers now
[2020-05-13 10:20:55 $23732.0]	INFO	Server is reloading all workers now
[2020-05-13 10:23:54 $23732.0]	INFO	Server is reloading all workers now
[2020-05-13 10:24:01 $23732.0]	INFO	Server is reloading all workers now
[2020-05-13 10:24:22 $23732.0]	INFO	Server is reloading all workers now
[2020-05-13 10:24:25 $23732.0]	INFO	Server is reloading all workers now
[2020-05-13 10:24:47 $23732.0]	INFO	Server is reloading all workers now
[2020-05-13 10:24:52 $23732.0]	INFO	Server is reloading all workers now
[2020-05-13 10:25:29 $23732.0]	INFO	Server is reloading all workers now
[2020-05-13 10:25:33 $23732.0]	INFO	Server is reloading all workers now
[2020-05-13 10:25:51 $23732.0]	INFO	Server is reloading all workers now
[2020-05-13 10:25:58 $23732.0]	INFO	Server is reloading all workers now
[2020-05-13 10:26:02 $23732.0]	INFO	Server is reloading all workers now
[2020-05-13 10:26:06 $23732.0]	INFO	Server is reloading all workers now
[2020-05-13 10:26:30 $23732.0]	INFO	Server is reloading all workers now
[2020-05-13 10:26:35 $23732.0]	INFO	Server is reloading all workers now
[2020-05-13 10:26:39 $23732.0]	INFO	Server is reloading all workers now
[2020-05-13 10:26:42 $23732.0]	INFO	Server is reloading all workers now
[2020-05-13 10:29:20 $23732.0]	INFO	Server is reloading all workers now
[2020-05-13 10:29:25 $23732.0]	INFO	Server is reloading all workers now
[2020-05-13 10:32:23 $23732.0]	INFO	Server is reloading all workers now
[2020-05-13 10:32:31 $23732.0]	INFO	Server is reloading all workers now
[2020-05-13 10:33:02 $23732.0]	INFO	Server is reloading all workers now
[2020-05-13 10:33:09 $23732.0]	INFO	Server is reloading all workers now
[2020-05-13 10:46:18 $23732.0]	INFO	Server is reloading all workers now
[2020-05-13 10:46:25 $23732.0]	INFO	Server is reloading all workers now
[2020-05-13 10:48:23 $23732.0]	INFO	Server is reloading all workers now
[2020-05-13 10:48:28 $23732.0]	INFO	Server is reloading all workers now
[2020-05-13 10:49:20 $23732.0]	INFO	Server is reloading all workers now
[2020-05-13 10:49:25 $23732.0]	INFO	Server is reloading all workers now
[2020-05-13 10:49:54 $23732.0]	INFO	Server is reloading all workers now
[2020-05-13 10:49:59 $23732.0]	INFO	Server is reloading all workers now
[2020-05-13 10:54:52 $24043.0]	INFO	Server is reloading all workers now
[2020-05-13 10:54:56 $24043.0]	INFO	Server is reloading all workers now
[2020-05-13 10:55:08 $24043.0]	INFO	Server is reloading all workers now
[2020-05-13 10:55:12 $24043.0]	INFO	Server is reloading all workers now
[2020-05-13 10:56:26 $24043.0]	INFO	Server is reloading all workers now
[2020-05-13 10:56:31 $24043.0]	INFO	Server is reloading all workers now
[2020-05-13 10:57:22 $24087.0]	INFO	Server is reloading all workers now
[2020-05-13 10:57:26 $24087.0]	INFO	Server is reloading all workers now
[2020-05-13 10:57:56 $24087.0]	INFO	Server is reloading all workers now
[2020-05-13 10:58:00 $24087.0]	INFO	Server is reloading all workers now
[2020-05-13 10:58:35 $24121.0]	INFO	Server is reloading all workers now
[2020-05-13 10:58:40 $24121.0]	INFO	Server is reloading all workers now
[2020-05-13 10:59:48 $24121.0]	INFO	Server is reloading all workers now
[2020-05-13 10:59:51 $24121.0]	INFO	Server is reloading all workers now
[2020-05-13 10:59:53 $24121.0]	INFO	Server is reloading all workers now
[2020-05-13 10:59:55 $24121.0]	INFO	Server is reloading all workers now
[2020-05-13 11:06:38 $24171.0]	INFO	Server is reloading all workers now
[2020-05-13 11:06:41 $24171.0]	INFO	Server is reloading all workers now
[2020-05-13 11:06:42 $24171.0]	INFO	Server is reloading all workers now
[2020-05-13 11:06:48 $24171.0]	INFO	Server is reloading all workers now
[2020-05-13 11:08:52 $24171.0]	INFO	Server is reloading all workers now
[2020-05-13 11:14:04 $24171.0]	INFO	Server is reloading all workers now
[2020-05-13 11:14:12 $24171.0]	INFO	Server is reloading all workers now
[2020-05-13 11:16:16 $24171.0]	INFO	Server is reloading all workers now
[2020-05-13 11:16:23 $24171.0]	INFO	Server is reloading all workers now
[2020-05-13 11:17:48 $24171.0]	INFO	Server is reloading all workers now
[2020-05-13 11:17:55 $24171.0]	INFO	Server is reloading all workers now
[2020-05-13 11:19:49 $24171.0]	INFO	Server is reloading all workers now
[2020-05-13 11:19:56 $24171.0]	INFO	Server is reloading all workers now
[2020-05-13 11:24:05 $24171.0]	INFO	Server is reloading all workers now
[2020-05-13 11:24:12 $24171.0]	INFO	Server is reloading all workers now
[2020-05-13 11:29:29 $24171.0]	INFO	Server is reloading all workers now
[2020-05-13 11:29:36 $24171.0]	INFO	Server is reloading all workers now
[2020-05-13 11:29:52 $24171.0]	INFO	Server is reloading all workers now
[2020-05-13 11:29:58 $24171.0]	INFO	Server is reloading all workers now
[2020-05-13 11:34:17 $24171.0]	INFO	Server is reloading all workers now
[2020-05-13 11:34:23 $24171.0]	INFO	Server is reloading all workers now
[2020-05-13 11:34:26 $24171.0]	INFO	Server is reloading all workers now
[2020-05-13 11:34:38 $24171.0]	INFO	Server is reloading all workers now
[2020-05-13 11:34:42 $24171.0]	INFO	Server is reloading all workers now
[2020-05-13 11:34:58 $24171.0]	INFO	Server is reloading all workers now
[2020-05-13 11:35:01 $24171.0]	INFO	Server is reloading all workers now
[2020-05-13 11:35:31 $24171.0]	INFO	Server is reloading all workers now
[2020-05-13 11:35:39 $24171.0]	INFO	Server is reloading all workers now
[2020-05-13 11:36:00 $24171.0]	INFO	Server is reloading all workers now
[2020-05-13 11:36:04 $24171.0]	INFO	Server is reloading all workers now
[2020-05-13 11:38:19 $24171.0]	INFO	Server is reloading all workers now
[2020-05-13 11:38:25 $24171.0]	INFO	Server is reloading all workers now
[2020-05-13 11:38:33 $24171.0]	INFO	Server is reloading all workers now
[2020-05-13 11:38:37 $24171.0]	INFO	Server is reloading all workers now
[2020-05-13 11:39:37 $24362.0]	INFO	Server is reloading all workers now
[2020-05-13 11:39:41 $24362.0]	INFO	Server is reloading all workers now
[2020-05-13 11:41:01 $24391.0]	INFO	Server is reloading all workers now
[2020-05-13 11:41:06 $24391.0]	INFO	Server is reloading all workers now
[2020-05-13 11:41:22 $24391.0]	INFO	Server is reloading all workers now
[2020-05-13 11:41:25 $24391.0]	INFO	Server is reloading all workers now
[2020-05-13 11:41:52 $24391.0]	INFO	Server is reloading all workers now
[2020-05-13 11:41:58 $24391.0]	INFO	Server is reloading all workers now
[2020-05-13 11:42:01 $24391.0]	INFO	Server is reloading all workers now
[2020-05-13 11:42:12 $24391.0]	INFO	Server is reloading all workers now
[2020-05-13 11:43:06 $24448.0]	INFO	Server is reloading all workers now
[2020-05-13 11:43:15 $24468.0]	INFO	Server is reloading all workers now
[2020-05-13 11:43:19 $24468.0]	INFO	Server is reloading all workers now
[2020-05-13 11:43:25 $24468.0]	INFO	Server is reloading all workers now
[2020-05-18 20:18:42 $38040.0]	INFO	Server is reloading all workers now
[2020-05-18 20:19:25 $38066.0]	INFO	Server is reloading all workers now
[2020-05-18 20:19:57 $38084.0]	INFO	Server is reloading all workers now
[2020-05-18 20:25:27 $38084.0]	INFO	Server is reloading all workers now
[2020-05-18 20:27:20 $38084.0]	INFO	Server is reloading all workers now
[2020-05-18 20:27:26 $38219.0]	INFO	Server is reloading all workers now
[2020-05-18 20:28:16 $38219.0]	INFO	Server is reloading all workers now
[2020-05-18 20:28:43 $38249.0]	INFO	Server is reloading all workers now
[2020-05-18 20:28:46 $38249.0]	INFO	Server is reloading all workers now
[2020-05-18 20:30:57 $38275.0]	INFO	Server is reloading all workers now
[2020-05-18 20:31:01 $38275.0]	INFO	Server is reloading all workers now
[2020-05-18 20:31:10 $38275.0]	INFO	Server is reloading all workers now
[2020-05-18 20:31:15 $38275.0]	INFO	Server is reloading all workers now
[2020-05-18 20:32:01 $38311.0]	INFO	Server is reloading all workers now
[2020-05-18 20:32:07 $38330.0]	INFO	Server is reloading all workers now
[2020-05-18 20:32:43 $38330.0]	INFO	Server is reloading all workers now
[2020-05-18 20:32:46 $38330.0]	INFO	Server is reloading all workers now
[2020-05-18 20:32:48 $38330.0]	INFO	Server is reloading all workers now
[2020-05-18 20:33:04 $38364.0]	INFO	Server is reloading all workers now
[2020-05-18 20:33:08 $38364.0]	INFO	Server is reloading all workers now
[2020-05-18 20:34:27 $38394.0]	INFO	Server is reloading all workers now
[2020-05-18 20:34:35 $38412.0]	INFO	Server is reloading all workers now
[2020-05-18 20:35:19 $38412.0]	INFO	Server is reloading all workers now
[2020-05-18 20:35:26 $38434.0]	INFO	Server is reloading all workers now
[2020-05-18 20:35:36 $38434.0]	INFO	Server is reloading all workers now
[2020-05-18 20:38:58 $38460.0]	INFO	Server is reloading all workers now
[2020-05-18 20:39:04 $38460.0]	INFO	Server is reloading all workers now
[2020-05-18 20:40:38 $38487.0]	INFO	Server is reloading all workers now
[2020-05-18 20:40:42 $38487.0]	INFO	Server is reloading all workers now
[2020-05-18 20:40:44 $38487.0]	INFO	Server is reloading all workers now
[2020-05-18 20:42:33 $38542.0]	INFO	Server is reloading all workers now
[2020-05-18 20:46:21 $38560.0]	INFO	Server is reloading all workers now
[2020-05-18 20:46:28 $38560.0]	INFO	Server is reloading all workers now
[2020-05-18 20:46:45 $38560.0]	INFO	Server is reloading all workers now
[2020-05-18 20:46:49 $38560.0]	INFO	Server is reloading all workers now
[2020-05-18 20:48:49 $38606.0]	INFO	Server is reloading all workers now
[2020-05-18 20:48:54 $38629.0]	INFO	Server is reloading all workers now
[2020-05-18 20:49:44 $38629.0]	INFO	Server is reloading all workers now
[2020-05-18 20:49:51 $38651.0]	INFO	Server is reloading all workers now
[2020-05-18 20:50:25 $38651.0]	INFO	Server is reloading all workers now
[2020-05-18 20:50:29 $38651.0]	INFO	Server is reloading all workers now
[2020-05-18 20:50:32 $38651.0]	INFO	Server is reloading all workers now
[2020-05-18 20:50:38 $38681.0]	INFO	Server is reloading all workers now
[2020-05-18 20:50:51 $38681.0]	INFO	Server is reloading all workers now
[2020-05-18 20:51:19 $38703.0]	INFO	Server is reloading all workers now
[2020-05-18 20:51:23 $38703.0]	INFO	Server is reloading all workers now
[2020-05-18 20:52:20 $38725.0]	INFO	Server is reloading all workers now
[2020-05-18 20:52:23 $38725.0]	INFO	Server is reloading all workers now
[2020-05-18 20:52:29 $38747.0]	INFO	Server is reloading all workers now
[2020-05-18 20:52:54 $38747.0]	INFO	Server is reloading all workers now
[2020-05-18 20:52:59 $38747.0]	INFO	Server is reloading all workers now
[2020-05-18 20:53:36 $38747.0]	INFO	Server is reloading all workers now
[2020-05-18 20:53:42 $38747.0]	INFO	Server is reloading all workers now
[2020-05-18 20:54:06 $38747.0]	INFO	Server is reloading all workers now
[2020-05-18 20:54:13 $38747.0]	INFO	Server is reloading all workers now
[2020-05-18 20:54:16 $38747.0]	INFO	Server is reloading all workers now
[2020-05-18 20:54:20 $38747.0]	INFO	Server is reloading all workers now
[2020-05-18 20:54:48 $38747.0]	INFO	Server is reloading all workers now
[2020-05-18 20:54:55 $38747.0]	INFO	Server is reloading all workers now
[2020-05-18 20:55:59 $38747.0]	INFO	Server is reloading all workers now
[2020-05-18 20:56:05 $38747.0]	INFO	Server is reloading all workers now
[2020-05-18 20:58:37 $38816.0]	INFO	Server is reloading all workers now
[2020-05-18 20:58:41 $38816.0]	INFO	Server is reloading all workers now
[2020-05-18 21:02:42 $38816.0]	INFO	Server is reloading all workers now
[2020-05-18 21:03:15 $38816.0]	INFO	Server is reloading all workers now
[2020-05-18 21:03:45 $38816.0]	INFO	Server is reloading all workers now
[2020-05-18 21:04:29 $38816.0]	INFO	Server is reloading all workers now
[2020-05-18 21:04:38 $38816.0]	INFO	Server is reloading all workers now
[2020-05-18 21:05:09 $38816.0]	INFO	Server is reloading all workers now
[2020-05-18 21:05:40 $38816.0]	INFO	Server is reloading all workers now
[2020-05-18 21:05:43 $38816.0]	INFO	Server is reloading all workers now
[2020-05-18 21:09:37 $38816.0]	INFO	Server is reloading all workers now
[2020-05-18 21:09:39 $38816.0]	INFO	Server is reloading all workers now
[2020-05-18 21:16:52 $38816.0]	INFO	Server is reloading all workers now
[2020-05-18 21:16:56 $38816.0]	INFO	Server is reloading all workers now
[2020-05-18 21:32:27 $38816.0]	INFO	Server is reloading all workers now
[2020-05-19 09:30:26 $38816.0]	INFO	Server is reloading all workers now
[2020-05-19 09:54:23 $38816.0]	INFO	Server is reloading all workers now
[2020-05-19 09:54:28 $38816.0]	INFO	Server is reloading all workers now
[2020-05-19 09:59:21 $38816.0]	INFO	Server is reloading all workers now
[2020-05-19 09:59:25 $38816.0]	INFO	Server is reloading all workers now
[2020-05-19 10:02:02 $39274.0]	INFO	Server is reloading all workers now
[2020-05-19 10:02:06 $39274.0]	INFO	Server is reloading all workers now
[2020-05-20 13:55:50 $47362.0]	INFO	Server is reloading all workers now
[2020-05-20 13:55:56 $47362.0]	INFO	Server is reloading all workers now
[2020-05-20 13:56:06 $47362.0]	INFO	Server is reloading all workers now
[2020-05-20 13:56:11 $47362.0]	INFO	Server is reloading all workers now
[2020-05-20 13:59:50 $47362.0]	INFO	Server is reloading all workers now
[2020-05-20 13:59:55 $47362.0]	INFO	Server is reloading all workers now
[2020-05-20 14:00:41 $47362.0]	INFO	Server is reloading all workers now
[2020-05-20 14:00:46 $47362.0]	INFO	Server is reloading all workers now
[2020-05-20 14:01:33 $47362.0]	INFO	Server is reloading all workers now
[2020-05-20 14:01:38 $47362.0]	INFO	Server is reloading all workers now
[2020-05-20 14:04:14 $47362.0]	INFO	Server is reloading all workers now
[2020-05-20 14:04:19 $47362.0]	INFO	Server is reloading all workers now
[2020-05-20 14:04:36 $47362.0]	INFO	Server is reloading all workers now
[2020-05-20 14:04:38 $47362.0]	INFO	Server is reloading all workers now
[2020-05-20 14:04:49 $47362.0]	INFO	Server is reloading all workers now
[2020-05-20 14:04:52 $47362.0]	INFO	Server is reloading all workers now
[2020-05-20 14:05:17 $47362.0]	INFO	Server is reloading all workers now
[2020-05-20 14:05:22 $47362.0]	INFO	Server is reloading all workers now
[2020-05-20 14:08:01 $47362.0]	INFO	Server is reloading all workers now
[2020-05-20 14:08:04 $47362.0]	INFO	Server is reloading all workers now
[2020-05-20 14:08:14 $47362.0]	INFO	Server is reloading all workers now
[2020-05-20 14:08:19 $47362.0]	INFO	Server is reloading all workers now
[2020-05-20 14:10:46 $47362.0]	INFO	Server is reloading all workers now
[2020-05-20 14:10:51 $47362.0]	INFO	Server is reloading all workers now
[2020-05-20 14:11:32 $47362.0]	INFO	Server is reloading all workers now
[2020-05-20 14:11:45 $47362.0]	INFO	Server is reloading all workers now
[2020-05-20 14:11:50 $47362.0]	INFO	Server is reloading all workers now
[2020-05-20 14:11:51 $47362.0]	INFO	Server is reloading all workers now
[2020-05-20 14:11:55 $47362.0]	INFO	Server is reloading all workers now
[2020-05-20 14:12:06 $47362.0]	INFO	Server is reloading all workers now
[2020-05-20 14:12:11 $47362.0]	INFO	Server is reloading all workers now
[2020-05-20 14:12:44 $47362.0]	INFO	Server is reloading all workers now
[2020-05-20 14:12:49 $47362.0]	INFO	Server is reloading all workers now
[2020-05-20 14:14:22 $47362.0]	INFO	Server is reloading all workers now
[2020-05-20 14:14:26 $47362.0]	INFO	Server is reloading all workers now
[2020-05-20 14:18:16 $47362.0]	INFO	Server is reloading all workers now
[2020-05-20 14:18:21 $47362.0]	INFO	Server is reloading all workers now
[2020-05-21 11:47:55 $47362.0]	INFO	Server is reloading all workers now
[2020-05-21 11:49:33 $47362.0]	INFO	Server is reloading all workers now
[2020-05-21 11:50:46 $47362.0]	INFO	Server is reloading all workers now
[2020-05-21 11:53:10 $47362.0]	INFO	Server is reloading all workers now
[2020-05-21 11:54:27 $47362.0]	INFO	Server is reloading all workers now
[2020-05-21 11:55:01 $47362.0]	INFO	Server is reloading all workers now
[2020-05-21 11:57:53 $47362.0]	INFO	Server is reloading all workers now
[2020-05-21 14:45:03 $47362.0]	INFO	Server is reloading all workers now
[2020-05-21 14:48:30 $47362.0]	INFO	Server is reloading all workers now
[2020-05-21 14:49:11 $47362.0]	INFO	Server is reloading all workers now
[2020-05-21 14:51:19 $47362.0]	INFO	Server is reloading all workers now
[2020-05-21 14:51:49 $47362.0]	INFO	Server is reloading all workers now
[2020-05-21 14:52:09 $47362.0]	INFO	Server is reloading all workers now
[2020-05-21 14:52:28 $47362.0]	INFO	Server is reloading all workers now
[2020-05-21 14:53:01 $47362.0]	INFO	Server is reloading all workers now
[2020-05-21 14:53:16 $47362.0]	INFO	Server is reloading all workers now
[2020-05-21 14:53:51 $47362.0]	INFO	Server is reloading all workers now
[2020-05-21 14:55:34 $47362.0]	INFO	Server is reloading all workers now
[2020-05-21 14:57:04 $47362.0]	INFO	Server is reloading all workers now
[2020-05-21 14:58:43 $47362.0]	INFO	Server is reloading all workers now
[2020-05-21 14:59:18 $47362.0]	INFO	Server is reloading all workers now
[2020-05-21 14:59:44 $47362.0]	INFO	Server is reloading all workers now
[2020-05-21 15:00:58 $47362.0]	INFO	Server is reloading all workers now
[2020-05-21 15:01:08 $47362.0]	INFO	Server is reloading all workers now
[2020-05-21 15:04:20 $47362.0]	INFO	Server is reloading all workers now
[2020-05-21 15:05:04 $47362.0]	INFO	Server is reloading all workers now
[2020-05-21 15:05:57 $47362.0]	INFO	Server is reloading all workers now
[2020-05-21 15:08:53 $47362.0]	INFO	Server is reloading all workers now
[2020-05-21 15:09:48 $47362.0]	INFO	Server is reloading all workers now
[2020-05-21 15:10:08 $47362.0]	INFO	Server is reloading all workers now
[2020-05-21 15:16:37 $47362.0]	INFO	Server is reloading all workers now
[2020-05-21 15:16:39 $47362.0]	INFO	Server is reloading all workers now
[2020-05-21 15:17:25 $47362.0]	INFO	Server is reloading all workers now
[2020-05-21 15:17:37 $47362.0]	INFO	Server is reloading all workers now
[2020-05-21 15:17:54 $47362.0]	INFO	Server is reloading all workers now
[2020-05-21 15:19:23 $47362.0]	INFO	Server is reloading all workers now
[2020-05-21 15:20:17 $47362.0]	INFO	Server is reloading all workers now
[2020-05-21 15:22:21 $47362.0]	INFO	Server is reloading all workers now
[2020-05-21 15:23:08 $47362.0]	INFO	Server is reloading all workers now
[2020-05-21 15:23:21 $47362.0]	INFO	Server is reloading all workers now
[2020-05-21 15:25:30 $47362.0]	INFO	Server is reloading all workers now
[2020-05-21 15:27:37 $47362.0]	INFO	Server is reloading all workers now
[2020-05-21 15:32:45 $47362.0]	INFO	Server is reloading all workers now
[2020-05-21 15:34:05 $47362.0]	INFO	Server is reloading all workers now
[2020-05-21 15:38:48 $47362.0]	INFO	Server is reloading all workers now
[2020-05-21 15:39:28 $47362.0]	INFO	Server is reloading all workers now
[2020-05-21 15:44:32 $47362.0]	INFO	Server is reloading all workers now
[2020-05-21 15:44:43 $47362.0]	INFO	Server is reloading all workers now
[2020-05-21 15:44:54 $47362.0]	INFO	Server is reloading all workers now
[2020-05-21 15:45:20 $47362.0]	INFO	Server is reloading all workers now
[2020-05-21 15:45:52 $47362.0]	INFO	Server is reloading all workers now
[2020-05-21 15:46:19 $47362.0]	INFO	Server is reloading all workers now
[2020-05-21 15:46:32 $47362.0]	INFO	Server is reloading all workers now
[2020-05-21 15:50:18 $47362.0]	INFO	Server is reloading all workers now
[2020-05-21 15:50:51 $47362.0]	INFO	Server is reloading all workers now
[2020-05-21 15:54:12 $47362.0]	INFO	Server is reloading all workers now
[2020-05-21 15:54:22 $47362.0]	INFO	Server is reloading all workers now
[2020-05-21 15:55:51 $47362.0]	INFO	Server is reloading all workers now
[2020-05-21 15:57:53 $47362.0]	INFO	Server is reloading all workers now
[2020-05-21 15:57:59 $47362.0]	INFO	Server is reloading all workers now
[2020-05-21 15:59:53 $47362.0]	INFO	Server is reloading all workers now
[2020-05-21 16:00:23 $47362.0]	INFO	Server is reloading all workers now
[2020-05-21 16:00:27 $47362.0]	INFO	Server is reloading all workers now
[2020-05-21 16:00:28 $47362.0]	INFO	Server is reloading all workers now
[2020-05-21 16:01:25 $47362.0]	INFO	Server is reloading all workers now
[2020-05-21 16:02:41 $47362.0]	INFO	Server is reloading all workers now
[2020-05-21 16:03:27 $47362.0]	INFO	Server is reloading all workers now
[2020-05-21 16:05:04 $47362.0]	INFO	Server is reloading all workers now
[2020-05-21 16:07:27 $47362.0]	INFO	Server is reloading all workers now
[2020-05-21 16:08:28 $47362.0]	INFO	Server is reloading all workers now
[2020-05-21 16:10:30 $47362.0]	INFO	Server is reloading all workers now
[2020-05-21 16:10:58 $47362.0]	INFO	Server is reloading all workers now
[2020-05-21 16:11:09 $47362.0]	INFO	Server is reloading all workers now
[2020-05-21 16:12:30 $47362.0]	INFO	Server is reloading all workers now
[2020-05-21 16:13:12 $47362.0]	INFO	Server is reloading all workers now
[2020-05-21 16:13:40 $47362.0]	INFO	Server is reloading all workers now
[2020-05-21 16:13:46 $47362.0]	INFO	Server is reloading all workers now
[2020-05-21 16:14:56 $47362.0]	INFO	Server is reloading all workers now
[2020-05-21 16:15:35 $47362.0]	INFO	Server is reloading all workers now
[2020-05-21 16:15:55 $47362.0]	INFO	Server is reloading all workers now
[2020-05-21 16:16:02 $47362.0]	INFO	Server is reloading all workers now
[2020-05-21 16:21:20 $47362.0]	INFO	Server is reloading all workers now
[2020-05-21 16:22:11 $47362.0]	INFO	Server is reloading all workers now
[2020-05-21 16:24:03 $47362.0]	INFO	Server is reloading all workers now
[2020-05-21 16:25:47 $47362.0]	INFO	Server is reloading all workers now
[2020-05-21 16:25:58 $47362.0]	INFO	Server is reloading all workers now
[2020-05-21 16:26:11 $47362.0]	INFO	Server is reloading all workers now
[2020-05-21 16:26:20 $47362.0]	INFO	Server is reloading all workers now
[2020-05-21 16:26:39 $47362.0]	INFO	Server is reloading all workers now
[2020-05-21 16:27:06 $47362.0]	INFO	Server is reloading all workers now
[2020-05-21 16:27:21 $47362.0]	INFO	Server is reloading all workers now
[2020-05-21 16:28:06 $47362.0]	INFO	Server is reloading all workers now
[2020-05-21 16:28:34 $47362.0]	INFO	Server is reloading all workers now
[2020-05-21 16:29:28 $47362.0]	INFO	Server is reloading all workers now
[2020-05-21 16:33:16 $47362.0]	INFO	Server is reloading all workers now
[2020-05-21 16:33:33 $47362.0]	INFO	Server is reloading all workers now
[2020-05-21 16:34:49 $47362.0]	INFO	Server is reloading all workers now
[2020-05-21 16:35:21 $47362.0]	INFO	Server is reloading all workers now
[2020-05-21 16:37:19 $47362.0]	INFO	Server is reloading all workers now
[2020-05-21 17:00:43 $47362.0]	INFO	Server is reloading all workers now
[2020-05-21 17:00:51 $47362.0]	INFO	Server is reloading all workers now
[2020-05-21 17:01:26 $47362.0]	INFO	Server is reloading all workers now
[2020-05-21 17:01:47 $47362.0]	INFO	Server is reloading all workers now
[2020-05-21 17:02:49 $47362.0]	INFO	Server is reloading all workers now
[2020-05-21 17:04:06 $47362.0]	INFO	Server is reloading all workers now
[2020-05-21 17:04:12 $47362.0]	INFO	Server is reloading all workers now
[2020-05-21 17:04:18 $47362.0]	INFO	Server is reloading all workers now
[2020-05-21 17:04:46 $47362.0]	INFO	Server is reloading all workers now
[2020-05-21 17:04:59 $47362.0]	INFO	Server is reloading all workers now
[2020-05-21 17:05:26 $47362.0]	INFO	Server is reloading all workers now
[2020-05-21 17:05:41 $47362.0]	INFO	Server is reloading all workers now
[2020-05-21 17:06:06 $47362.0]	INFO	Server is reloading all workers now
[2020-05-21 17:06:18 $47362.0]	INFO	Server is reloading all workers now
[2020-05-21 17:06:41 $47362.0]	INFO	Server is reloading all workers now
[2020-05-21 17:08:42 $47362.0]	INFO	Server is reloading all workers now
[2020-05-21 17:10:31 $47362.0]	INFO	Server is reloading all workers now
[2020-05-21 17:12:12 $47362.0]	INFO	Server is reloading all workers now
[2020-05-21 17:12:30 $47362.0]	INFO	Server is reloading all workers now
[2020-05-21 17:13:19 $47362.0]	INFO	Server is reloading all workers now
[2020-05-21 17:13:27 $47362.0]	INFO	Server is reloading all workers now
[2020-05-21 17:14:12 $47362.0]	INFO	Server is reloading all workers now
[2020-05-21 17:14:26 $47362.0]	INFO	Server is reloading all workers now
[2020-05-21 17:14:34 $47362.0]	INFO	Server is reloading all workers now
[2020-05-21 17:14:59 $47362.0]	INFO	Server is reloading all workers now
[2020-05-21 17:15:04 $47362.0]	INFO	Server is reloading all workers now
[2020-05-21 17:15:08 $47362.0]	INFO	Server is reloading all workers now
[2020-05-21 17:17:46 $47362.0]	INFO	Server is reloading all workers now
[2020-05-21 17:18:06 $47362.0]	INFO	Server is reloading all workers now
[2020-05-21 17:18:48 $47362.0]	INFO	Server is reloading all workers now
[2020-05-21 17:19:30 $47362.0]	INFO	Server is reloading all workers now
[2020-05-21 17:19:46 $47362.0]	INFO	Server is reloading all workers now
[2020-05-21 17:19:52 $47362.0]	INFO	Server is reloading all workers now
[2020-05-21 17:23:28 $47362.0]	INFO	Server is reloading all workers now
[2020-05-21 17:25:47 $47362.0]	INFO	Server is reloading all workers now
[2020-05-21 17:27:50 $47362.0]	INFO	Server is reloading all workers now
[2020-05-21 17:28:19 $47362.0]	INFO	Server is reloading all workers now
[2020-05-21 17:28:52 $47362.0]	INFO	Server is reloading all workers now
[2020-05-21 17:29:24 $47362.0]	INFO	Server is reloading all workers now
[2020-05-21 17:29:42 $47362.0]	INFO	Server is reloading all workers now
[2020-05-21 17:30:18 $47362.0]	INFO	Server is reloading all workers now
[2020-05-21 17:33:19 $47362.0]	INFO	Server is reloading all workers now
[2020-05-21 17:33:24 $47362.0]	INFO	Server is reloading all workers now
[2020-05-21 17:33:34 $47362.0]	INFO	Server is reloading all workers now
[2020-05-21 17:33:46 $47362.0]	INFO	Server is reloading all workers now
[2020-05-21 17:33:53 $47362.0]	INFO	Server is reloading all workers now
[2020-05-21 17:34:18 $47362.0]	INFO	Server is reloading all workers now
[2020-05-21 17:34:41 $47362.0]	INFO	Server is reloading all workers now
[2020-05-21 17:35:47 $47362.0]	INFO	Server is reloading all workers now
[2020-05-21 17:36:03 $47362.0]	INFO	Server is reloading all workers now
[2020-05-21 17:36:19 $47362.0]	INFO	Server is reloading all workers now
[2020-05-21 17:36:29 $47362.0]	INFO	Server is reloading all workers now
[2020-05-21 17:37:18 $47362.0]	INFO	Server is reloading all workers now
[2020-05-21 17:39:33 $47362.0]	INFO	Server is reloading all workers now
[2020-05-21 17:39:48 $47362.0]	INFO	Server is reloading all workers now
[2020-05-21 17:40:34 $47362.0]	INFO	Server is reloading all workers now
[2020-05-21 17:42:55 $47362.0]	INFO	Server is reloading all workers now
[2020-05-21 17:43:50 $47362.0]	INFO	Server is reloading all workers now
[2020-05-21 17:51:22 $47362.0]	INFO	Server is reloading all workers now
[2020-05-21 17:53:21 $47362.0]	INFO	Server is reloading all workers now
[2020-05-21 17:53:29 $47362.0]	INFO	Server is reloading all workers now
[2020-05-21 17:53:52 $47362.0]	INFO	Server is reloading all workers now
[2020-05-21 17:54:00 $47362.0]	INFO	Server is reloading all workers now
[2020-05-21 17:55:56 $47362.0]	INFO	Server is reloading all workers now
[2020-05-21 17:57:07 $47362.0]	INFO	Server is reloading all workers now
[2020-05-21 17:58:04 $47362.0]	INFO	Server is reloading all workers now
[2020-05-21 17:58:26 $47362.0]	INFO	Server is reloading all workers now
[2020-05-21 18:06:28 $47362.0]	INFO	Server is reloading all workers now
[2020-05-21 18:07:05 $47362.0]	INFO	Server is reloading all workers now
[2020-05-21 18:13:27 $47362.0]	INFO	Server is reloading all workers now
[2020-05-21 18:13:56 $47362.0]	INFO	Server is reloading all workers now
[2020-05-21 18:14:02 $47362.0]	INFO	Server is reloading all workers now
[2020-05-21 18:14:16 $47362.0]	INFO	Server is reloading all workers now
[2020-05-21 18:14:34 $47362.0]	INFO	Server is reloading all workers now
[2020-05-21 18:14:44 $47362.0]	INFO	Server is reloading all workers now
[2020-05-21 18:14:56 $47362.0]	INFO	Server is reloading all workers now
[2020-05-21 18:16:38 $47362.0]	INFO	Server is reloading all workers now
[2020-05-21 18:19:52 $47362.0]	INFO	Server is reloading all workers now
[2020-05-21 18:30:25 $47362.0]	INFO	Server is reloading all workers now
[2020-05-21 20:37:28 $47362.0]	INFO	Server is reloading all workers now
[2020-05-21 20:37:42 $47362.0]	INFO	Server is reloading all workers now
[2020-05-21 20:38:00 $47362.0]	INFO	Server is reloading all workers now
[2020-05-21 20:38:21 $47362.0]	INFO	Server is reloading all workers now
[2020-05-21 20:40:51 $47362.0]	INFO	Server is reloading all workers now
[2020-05-21 20:41:05 $47362.0]	INFO	Server is reloading all workers now
[2020-05-21 20:41:11 $47362.0]	INFO	Server is reloading all workers now
[2020-05-21 20:41:50 $47362.0]	INFO	Server is reloading all workers now
[2020-05-21 20:42:06 $47362.0]	INFO	Server is reloading all workers now
[2020-05-21 20:42:23 $47362.0]	INFO	Server is reloading all workers now
[2020-05-21 20:43:23 *79142.2]	ERROR	php_swoole_server_rshutdown (ERRNO 503): Fatal error: Uncaught EasySwoole\ORM\Exception\Exception: SQLSTATE[HY000] [2002] Operation timed out in /Users/samsun/Desktop/project/easy_swoole_test/vendor/easyswoole/orm/src/Db/MysqlPool.php:22
Stack trace:
#0 /Users/samsun/Desktop/project/easy_swoole_test/vendor/easyswoole/pool/src/AbstractPool.php(294): EasySwoole\ORM\Db\MysqlPool->createObject()
#1 /Users/samsun/Desktop/project/easy_swoole_test/vendor/easyswoole/pool/src/AbstractPool.php(252): EasySwoole\Pool\AbstractPool->initObject()
#2 /Users/samsun/Desktop/project/easy_swoole_test/vendor/easyswoole/pool/src/AbstractPool.php(226): EasySwoole\Pool\AbstractPool->keepMin(5)
#3 {main}
  thrown in /Users/samsun/Desktop/project/easy_swoole_test/vendor/easyswoole/orm/src/Db/MysqlPool.php on line 22
[2020-05-21 20:43:24 $47362.0]	WARNING	swManager_check_exit_status: worker#2[pid=79142] abnormal exit, status=255, signal=0
[2020-05-21 20:51:47 $47362.0]	INFO	Server is reloading all workers now
[2020-05-21 20:52:36 $47362.0]	INFO	Server is reloading all workers now
[2020-05-21 20:53:31 $47362.0]	INFO	Server is reloading all workers now
[2020-05-21 21:04:20 $47362.0]	INFO	Server is reloading all workers now
[2020-05-21 21:04:29 $47362.0]	INFO	Server is reloading all workers now
[2020-05-21 21:04:45 $47362.0]	INFO	Server is reloading all workers now
[2020-05-21 21:05:02 $47362.0]	INFO	Server is reloading all workers now
[2020-05-21 21:07:43 $79281.0]	INFO	Server is reloading all workers now
[2020-05-21 21:08:18 $79281.0]	INFO	Server is reloading all workers now
[2020-05-21 21:09:33 $79281.0]	INFO	Server is reloading all workers now
[2020-05-21 21:09:34 $79281.0]	INFO	Server is reloading all workers now
[2020-05-21 21:11:02 $79281.0]	INFO	Server is reloading all workers now
[2020-05-21 21:11:18 $79335.0]	INFO	Server is reloading all workers now
[2020-05-21 21:11:48 $79335.0]	INFO	Server is reloading all workers now
[2020-05-21 21:14:29 $79357.0]	INFO	Server is reloading all workers now
[2020-05-21 21:14:47 $79357.0]	INFO	Server is reloading all workers now
[2020-05-21 21:14:58 $79357.0]	INFO	Server is reloading all workers now
[2020-05-21 21:15:53 $79357.0]	INFO	Server is reloading all workers now
[2020-05-21 21:18:12 $79357.0]	INFO	Server is reloading all workers now
[2020-05-21 21:19:42 $79357.0]	INFO	Server is reloading all workers now
[2020-05-21 21:19:57 $79357.0]	INFO	Server is reloading all workers now
[2020-05-21 21:20:26 $79357.0]	INFO	Server is reloading all workers now
[2020-05-21 21:21:11 $79357.0]	INFO	Server is reloading all workers now
[2020-05-21 21:21:16 $79357.0]	INFO	Server is reloading all workers now
[2020-05-21 21:22:12 $79357.0]	INFO	Server is reloading all workers now
[2020-05-21 21:22:25 $79357.0]	INFO	Server is reloading all workers now
[2020-05-21 21:23:54 $79357.0]	INFO	Server is reloading all workers now
[2020-05-21 21:24:28 $79426.0]	INFO	Server is reloading all workers now
[2020-05-21 21:25:22 $79452.0]	INFO	Server is reloading all workers now
[2020-05-21 21:27:01 $79472.0]	INFO	Server is reloading all workers now
[2020-05-21 21:27:32 $79492.0]	INFO	Server is reloading all workers now
[2020-05-21 21:27:34 $79492.0]	INFO	Server is reloading all workers now
[2020-05-21 21:27:54 $79492.0]	INFO	Server is reloading all workers now
[2020-05-21 21:28:10 $79492.0]	INFO	Server is reloading all workers now
[2020-05-21 21:28:29 $79492.0]	INFO	Server is reloading all workers now
[2020-05-21 21:29:15 $79492.0]	INFO	Server is reloading all workers now
[2020-05-21 21:33:17 $79492.0]	INFO	Server is reloading all workers now
[2020-05-21 21:33:21 $79492.0]	INFO	Server is reloading all workers now
[2020-05-21 21:33:29 $79492.0]	INFO	Server is reloading all workers now
[2020-05-21 21:34:09 $79492.0]	INFO	Server is reloading all workers now
[2020-05-21 21:34:37 $79568.0]	INFO	Server is reloading all workers now
[2020-05-21 21:35:49 $79590.0]	INFO	Server is reloading all workers now
[2020-05-21 21:36:50 $79590.0]	INFO	Server is reloading all workers now
[2020-05-21 21:37:59 $79590.0]	INFO	Server is reloading all workers now
[2020-05-21 21:38:11 $79590.0]	INFO	Server is reloading all workers now
[2020-05-21 21:38:29 $79630.0]	INFO	Server is reloading all workers now
[2020-05-21 21:38:35 $79651.0]	INFO	Server is reloading all workers now
[2020-05-21 21:39:26 $79651.0]	INFO	Server is reloading all workers now
[2020-05-21 21:39:46 $79651.0]	INFO	Server is reloading all workers now
[2020-05-21 21:39:49 *79670.2]	ERROR	php_swoole_server_rshutdown (ERRNO 503): Fatal error: Default value for parameters with a int type can only be int or NULL in /Users/samsun/Desktop/project/easy_swoole_test/App/Exception/BaseException.php on line 20
[2020-05-21 21:39:49 $79651.0]	WARNING	swManager_check_exit_status: worker#2[pid=79670] abnormal exit, status=255, signal=0
[2020-05-21 21:40:05 $79651.0]	INFO	Server is reloading all workers now
[2020-05-21 21:40:58 $79651.0]	INFO	Server is reloading all workers now
[2020-05-21 21:42:36 $79651.0]	INFO	Server is reloading all workers now
[2020-05-21 21:42:50 $79651.0]	INFO	Server is reloading all workers now
[2020-05-21 21:43:19 $79651.0]	INFO	Server is reloading all workers now
[2020-05-21 21:43:55 $79651.0]	INFO	Server is reloading all workers now
[2020-05-21 21:45:29 $79651.0]	INFO	Server is reloading all workers now
[2020-05-21 21:45:39 $79651.0]	INFO	Server is reloading all workers now
[2020-05-21 21:45:50 $79651.0]	INFO	Server is reloading all workers now
[2020-05-21 21:46:57 $79651.0]	INFO	Server is reloading all workers now
[2020-05-21 21:47:00 $79651.0]	INFO	Server is reloading all workers now
[2020-05-21 21:47:12 $79651.0]	INFO	Server is reloading all workers now
[2020-05-21 21:47:33 $79651.0]	INFO	Server is reloading all workers now
[2020-05-21 21:48:09 $79651.0]	INFO	Server is reloading all workers now
[2020-05-21 21:48:24 $79651.0]	INFO	Server is reloading all workers now
[2020-05-21 21:48:28 $79651.0]	INFO	Server is reloading all workers now
[2020-05-21 21:48:45 $79651.0]	INFO	Server is reloading all workers now
[2020-05-21 21:49:25 $79651.0]	INFO	Server is reloading all workers now
[2020-05-21 21:49:42 $79651.0]	INFO	Server is reloading all workers now
[2020-05-21 21:49:56 $79651.0]	WARNING	swManager_check_exit_status: worker#4[pid=79656] abnormal exit, status=255, signal=0
[2020-05-21 21:50:03 $79651.0]	INFO	Server is reloading all workers now
[2020-05-21 21:50:09 $79651.0]	INFO	Server is reloading all workers now
[2020-05-21 21:50:14 $79651.0]	INFO	Server is reloading all workers now
[2020-05-21 21:50:30 $79651.0]	INFO	Server is reloading all workers now
[2020-05-21 21:51:39 $79778.0]	INFO	Server is reloading all workers now
[2020-05-21 21:52:25 $79778.0]	INFO	Server is reloading all workers now
[2020-05-21 21:52:51 $79778.0]	INFO	Server is reloading all workers now
[2020-05-21 21:53:16 $79778.0]	INFO	Server is reloading all workers now
[2020-05-21 21:53:41 $79821.0]	INFO	Server is reloading all workers now
[2020-05-21 21:55:36 $79821.0]	INFO	Server is reloading all workers now
[2020-05-21 21:57:31 $79821.0]	INFO	Server is reloading all workers now
[2020-05-21 21:57:58 $79821.0]	INFO	Server is reloading all workers now
[2020-05-21 21:58:05 $79821.0]	INFO	Server is reloading all workers now
[2020-05-21 21:58:18 $79821.0]	INFO	Server is reloading all workers now
[2020-05-21 21:58:28 $79821.0]	INFO	Server is reloading all workers now
[2020-05-21 22:01:11 $79821.0]	INFO	Server is reloading all workers now
[2020-05-21 22:02:21 $79821.0]	INFO	Server is reloading all workers now
[2020-05-21 22:02:28 $79821.0]	INFO	Server is reloading all workers now
[2020-05-21 22:03:04 $79821.0]	INFO	Server is reloading all workers now
[2020-05-21 22:03:08 $79821.0]	INFO	Server is reloading all workers now
[2020-05-21 22:03:35 $79897.0]	INFO	Server is reloading all workers now
[2020-05-21 22:03:45 $79897.0]	INFO	Server is reloading all workers now
[2020-05-21 22:11:06 $79897.0]	INFO	Server is reloading all workers now
[2020-05-21 22:11:21 $79897.0]	INFO	Server is reloading all workers now
[2020-05-21 22:12:59 $79897.0]	INFO	Server is reloading all workers now
[2020-05-21 22:13:29 $79897.0]	INFO	Server is reloading all workers now
[2020-05-21 22:16:05 $79897.0]	INFO	Server is reloading all workers now
[2020-05-21 22:16:26 $79897.0]	INFO	Server is reloading all workers now
[2020-05-21 22:16:40 $79897.0]	INFO	Server is reloading all workers now
[2020-05-21 22:16:44 $79897.0]	INFO	Server is reloading all workers now
[2020-05-21 22:17:38 $79897.0]	INFO	Server is reloading all workers now
[2020-05-21 22:17:59 $79897.0]	INFO	Server is reloading all workers now
[2020-05-21 22:18:07 $79897.0]	INFO	Server is reloading all workers now
[2020-05-21 22:20:11 $79897.0]	INFO	Server is reloading all workers now
[2020-05-22 10:01:21 $79897.0]	INFO	Server is reloading all workers now
[2020-05-22 10:02:05 $79897.0]	INFO	Server is reloading all workers now
[2020-05-22 10:31:47 $79897.0]	INFO	Server is reloading all workers now
[2020-05-22 10:33:18 $79897.0]	INFO	Server is reloading all workers now
[2020-05-22 10:35:05 $79897.0]	INFO	Server is reloading all workers now
[2020-05-22 10:35:41 $79897.0]	INFO	Server is reloading all workers now
[2020-05-22 10:36:07 $79897.0]	INFO	Server is reloading all workers now
[2020-05-22 10:36:54 $79897.0]	INFO	Server is reloading all workers now
[2020-05-22 10:38:59 $79897.0]	INFO	Server is reloading all workers now
[2020-05-22 10:39:07 $79897.0]	INFO	Server is reloading all workers now
[2020-05-22 10:39:20 $79897.0]	INFO	Server is reloading all workers now
[2020-05-22 10:40:01 $79897.0]	INFO	Server is reloading all workers now
[2020-05-22 10:40:17 $79897.0]	INFO	Server is reloading all workers now
[2020-05-22 10:40:57 $79897.0]	INFO	Server is reloading all workers now
[2020-05-22 10:41:34 $79897.0]	INFO	Server is reloading all workers now
[2020-05-22 10:44:01 $79897.0]	INFO	Server is reloading all workers now
[2020-05-22 10:44:21 $79897.0]	INFO	Server is reloading all workers now
[2020-05-22 10:44:23 $79897.0]	INFO	Server is reloading all workers now
[2020-05-22 10:45:01 $79897.0]	INFO	Server is reloading all workers now
[2020-05-22 10:45:07 $79897.0]	INFO	Server is reloading all workers now
[2020-05-22 10:45:08 $79897.0]	INFO	Server is reloading all workers now
[2020-05-22 10:45:59 $79897.0]	INFO	Server is reloading all workers now
[2020-05-22 10:47:29 $79897.0]	INFO	Server is reloading all workers now
[2020-05-22 10:47:33 $79897.0]	INFO	Server is reloading all workers now
[2020-05-22 10:48:00 $79897.0]	INFO	Server is reloading all workers now
[2020-05-22 10:48:34 $79897.0]	INFO	Server is reloading all workers now
[2020-05-22 10:49:26 $79897.0]	INFO	Server is reloading all workers now
[2020-05-22 10:49:43 $79897.0]	INFO	Server is reloading all workers now
[2020-05-22 10:49:48 $79897.0]	INFO	Server is reloading all workers now
[2020-05-22 10:50:08 $79897.0]	INFO	Server is reloading all workers now
[2020-05-22 10:50:26 $79897.0]	INFO	Server is reloading all workers now
[2020-05-22 10:50:42 $79897.0]	INFO	Server is reloading all workers now
[2020-05-22 10:51:22 $79897.0]	INFO	Server is reloading all workers now
[2020-05-22 10:51:33 $79897.0]	INFO	Server is reloading all workers now
[2020-05-22 10:54:42 $79897.0]	INFO	Server is reloading all workers now
[2020-05-22 10:54:52 $79897.0]	INFO	Server is reloading all workers now
[2020-05-22 10:55:04 $79897.0]	INFO	Server is reloading all workers now
[2020-05-22 10:56:33 $79897.0]	INFO	Server is reloading all workers now
[2020-05-22 10:58:47 $79897.0]	INFO	Server is reloading all workers now
[2020-05-22 10:59:15 $79897.0]	INFO	Server is reloading all workers now
[2020-05-22 10:59:32 $79897.0]	INFO	Server is reloading all workers now
[2020-05-22 11:00:21 $79897.0]	INFO	Server is reloading all workers now
[2020-05-22 11:00:49 $79897.0]	INFO	Server is reloading all workers now
[2020-05-22 11:01:41 $79897.0]	INFO	Server is reloading all workers now
[2020-05-22 11:02:21 $79897.0]	INFO	Server is reloading all workers now
[2020-05-22 11:02:45 $79897.0]	INFO	Server is reloading all workers now
[2020-05-22 11:05:04 $79897.0]	INFO	Server is reloading all workers now
[2020-05-22 11:05:12 $79897.0]	INFO	Server is reloading all workers now
[2020-05-22 11:05:57 $79897.0]	INFO	Server is reloading all workers now
[2020-05-22 11:06:17 $79897.0]	INFO	Server is reloading all workers now
[2020-05-22 11:07:36 $79897.0]	INFO	Server is reloading all workers now
[2020-05-22 11:09:10 $79897.0]	INFO	Server is reloading all workers now
[2020-05-22 11:09:51 $79897.0]	INFO	Server is reloading all workers now
[2020-05-22 11:11:36 $79897.0]	INFO	Server is reloading all workers now
[2020-05-22 11:25:46 $79897.0]	INFO	Server is reloading all workers now
[2020-05-22 11:25:49 $79897.0]	INFO	Server is reloading all workers now
[2020-05-22 11:26:12 $79897.0]	INFO	Server is reloading all workers now
[2020-05-22 11:36:15 $80917.0]	INFO	Server is reloading all workers now
